  Cleaning PuzzlePlatformsEditor and UnrealHeaderTool binaries...
  Using 'git status' to determine working set for adaptive non-unity build (E:\Udemy course\Unreal Engine C++\PuzzlePlatforms).
  Creating makefile for PuzzlePlatformsEditor (no existing makefile)
  Parsing headers for PuzzlePlatformsEditor
    Running UnrealHeaderTool "E:\Udemy course\Unreal Engine C++\PuzzlePlatforms\PuzzlePlatforms\PuzzlePlatforms.uproject" "E:\Udemy course\Unreal Engine C++\PuzzlePlatforms\PuzzlePlatforms\Intermediate\Build\Win64\PuzzlePlatformsEditor\Development\PuzzlePlatformsEditor.uhtmanifest" -LogCmds="loginit warning, logexit warning, logdatabase error" -Unattended -WarningsAsErrors -installed
  Reflection code generated for PuzzlePlatformsEditor in 6.226279 seconds
  Building PuzzlePlatformsEditor...
  Using Visual Studio 2019 14.24.28316 toolchain (C:\Program Files (x86)\Microsoft Visual Studio\2019\Enterprise\VC\Tools\MSVC\14.24.28314) and Windows 10.0.18362.0 SDK (C:\Program Files (x86)\Windows Kits\10).
  Building 13 actions with 4 processes...
    [1/13] Default.rc2
    [2/13] SharedPCH.Engine.ShadowErrors.cpp
    [3/13] PuzzlePlatforms.cpp
    [4/13] MovingPlatform.gen.cpp
    [5/13] PuzzlePlatformsGameMode.cpp
    [6/13] PuzzlePlatforms.init.gen.cpp
    [7/13] PuzzlePlatformsCharacter.cpp
    [8/13] PuzzlePlatformsCharacter.gen.cpp
    [9/13] MovingPlatform.cpp
    [10/13] PuzzlePlatformsGameMode.gen.cpp
    [11/13] UE4Editor-PuzzlePlatforms-0001.lib
       Creating library E:\Udemy course\Unreal Engine C++\PuzzlePlatforms\PuzzlePlatforms\Intermediate\Build\Win64\UE4Editor\Development\PuzzlePlatforms\UE4Editor-PuzzlePlatforms-0001.lib and object E:\Udemy course\Unreal Engine C++\PuzzlePlatforms\PuzzlePlatforms\Intermediate\Build\Win64\UE4Editor\Development\PuzzlePlatforms\UE4Editor-PuzzlePlatforms-0001.exp
    [12/13] UE4Editor-PuzzlePlatforms-0001.dll
       Creating library E:\Udemy course\Unreal Engine C++\PuzzlePlatforms\PuzzlePlatforms\Intermediate\Build\Win64\UE4Editor\Development\PuzzlePlatforms\UE4Editor-PuzzlePlatforms-0001.suppressed.lib and object E:\Udemy course\Unreal Engine C++\PuzzlePlatforms\PuzzlePlatforms\Intermediate\Build\Win64\UE4Editor\Development\PuzzlePlatforms\UE4Editor-PuzzlePlatforms-0001.suppressed.exp
    [13/13] PuzzlePlatformsEditor.target
  Total time in Parallel executor: 32.29 seconds
  Total execution time: 50.27 seconds
