Log file open, 02/21/20 13:08:30
LogWindows: Failed to load 'aqProf.dll' (GetLastError=126)
LogWindows: File 'aqProf.dll' does not exist
LogWindows: Failed to load 'VtuneApi.dll' (GetLastError=126)
LogWindows: File 'VtuneApi.dll' does not exist
LogWindows: Failed to load 'VtuneApi32e.dll' (GetLastError=126)
LogWindows: File 'VtuneApi32e.dll' does not exist
LogConsoleResponse: Display: Failed to find resolution value strings in scalability ini. Falling back to default.
LogInit: Display: Running engine for game: PuzzlePlatforms
LogPlatformFile: Not using cached read wrapper
LogTaskGraph: Started task graph with 5 named threads and 14 total threads with 3 sets of task threads.
LogStats: Stats thread started at 0.719277
LogD3D11RHI: Loaded GFSDK_Aftermath_Lib.x64.dll
LogICUInternationalization: ICU TimeZone Detection - Raw Offset: +5:30, Platform Override: ''
LogPluginManager: Mounting plugin Paper2D
LogPluginManager: Mounting plugin AISupport
LogPluginManager: Mounting plugin LightPropagationVolume
LogPluginManager: Mounting plugin ActorLayerUtilities
LogPluginManager: Mounting plugin AnimationSharing
LogPluginManager: Mounting plugin CLionSourceCodeAccess
LogPluginManager: Mounting plugin CodeLiteSourceCodeAccess
LogPluginManager: Mounting plugin GitSourceControl
LogPluginManager: Mounting plugin KDevelopSourceCodeAccess
LogPluginManager: Mounting plugin NullSourceCodeAccess
LogPluginManager: Mounting plugin PerforceSourceControl
LogPluginManager: Mounting plugin PlasticSourceControl
LogPluginManager: Mounting plugin SubversionSourceControl
LogPluginManager: Mounting plugin UObjectPlugin
LogPluginManager: Mounting plugin VisualStudioCodeSourceCodeAccess
LogPluginManager: Mounting plugin VisualStudioSourceCodeAccess
LogPluginManager: Mounting plugin XCodeSourceCodeAccess
LogPluginManager: Mounting plugin AssetManagerEditor
LogPluginManager: Mounting plugin CryptoKeys
LogPluginManager: Mounting plugin CurveEditorTools
LogPluginManager: Mounting plugin DataValidation
LogPluginManager: Mounting plugin FacialAnimation
LogPluginManager: Mounting plugin GameplayTagsEditor
LogPluginManager: Mounting plugin MacGraphicsSwitching
LogPluginManager: Mounting plugin MaterialAnalyzer
LogPluginManager: Mounting plugin MobileLauncherProfileWizard
LogPluginManager: Mounting plugin PluginBrowser
LogPluginManager: Mounting plugin SpeedTreeImporter
LogPluginManager: Mounting plugin DatasmithContent
LogPluginManager: Mounting plugin VariantManagerContent
LogPluginManager: Mounting plugin AlembicImporter
LogPluginManager: Mounting plugin AutomationUtils
LogPluginManager: Mounting plugin BackChannel
LogPluginManager: Mounting plugin CharacterAI
LogPluginManager: Mounting plugin GeometryCache
LogPluginManager: Mounting plugin PlatformCrypto
LogPluginManager: Mounting plugin ProxyLODPlugin
LogPluginManager: Mounting plugin SkeletalReduction
LogPluginManager: Mounting plugin MagicLeap
LogPluginManager: Mounting plugin MagicLeapMedia
LogPluginManager: Mounting plugin MLSDK
LogPluginManager: Mounting plugin AndroidMedia
LogPluginManager: Mounting plugin AvfMedia
LogPluginManager: Mounting plugin ImgMedia
LogPluginManager: Mounting plugin MediaCompositing
LogPluginManager: Mounting plugin MediaPlayerEditor
LogPluginManager: Mounting plugin WebMMedia
LogPluginManager: Mounting plugin WmfMedia
LogPluginManager: Mounting plugin TcpMessaging
LogPluginManager: Mounting plugin UdpMessaging
LogPluginManager: Mounting plugin ActorSequence
LogPluginManager: Mounting plugin LevelSequenceEditor
LogPluginManager: Mounting plugin MatineeToLevelSequence
LogPluginManager: Mounting plugin NetcodeUnitTest
LogPluginManager: Mounting plugin NUTUnrealEngine4
LogPluginManager: Mounting plugin OnlineSubsystemGooglePlay
LogPluginManager: Mounting plugin OnlineSubsystemIOS
LogPluginManager: Mounting plugin OnlineSubsystem
LogPluginManager: Mounting plugin OnlineSubsystemNull
LogPluginManager: Mounting plugin OnlineSubsystemUtils
LogPluginManager: Mounting plugin LauncherChunkInstaller
LogPluginManager: Mounting plugin AndroidDeviceProfileSelector
LogPluginManager: Mounting plugin AndroidMoviePlayer
LogPluginManager: Mounting plugin AndroidPermission
LogPluginManager: Mounting plugin AppleImageUtils
LogPluginManager: Mounting plugin AppleMoviePlayer
LogPluginManager: Mounting plugin ArchVisCharacter
LogPluginManager: Mounting plugin AssetTags
LogPluginManager: Mounting plugin AudioCapture
LogPluginManager: Mounting plugin CableComponent
LogPluginManager: Mounting plugin CustomMeshComponent
LogPluginManager: Mounting plugin EditableMesh
LogPluginManager: Mounting plugin ExampleDeviceProfileSelector
LogPluginManager: Mounting plugin GoogleCloudMessaging
LogPluginManager: Mounting plugin IOSDeviceProfileSelector
LogPluginManager: Mounting plugin LinuxDeviceProfileSelector
LogPluginManager: Mounting plugin LocationServicesBPLibrary
LogPluginManager: Mounting plugin MobilePatchingUtils
LogPluginManager: Mounting plugin OculusVR
LogPluginManager: Mounting plugin PhysXVehicles
LogPluginManager: Mounting plugin PostSplashScreen
LogPluginManager: Mounting plugin ProceduralMeshComponent
LogPluginManager: Mounting plugin RuntimePhysXCooking
LogPluginManager: Mounting plugin SignificanceManager
LogPluginManager: Mounting plugin SteamVR
LogPluginManager: Mounting plugin WebMMoviePlayer
LogPluginManager: Mounting plugin WindowsMoviePlayer
LogPluginManager: Mounting plugin ScreenshotTools
LogInit: Using libcurl 7.55.1-DEV
LogInit:  - built for x86_64-pc-win32
LogInit:  - supports SSL with OpenSSL/1.1.1
LogInit:  - supports HTTP deflate (compression) using libz 1.2.8
LogInit:  - other features:
LogInit:      CURL_VERSION_SSL
LogInit:      CURL_VERSION_LIBZ
LogInit:      CURL_VERSION_IPV6
LogInit:      CURL_VERSION_ASYNCHDNS
LogInit:      CURL_VERSION_LARGEFILE
LogInit:      CURL_VERSION_IDN
LogInit:  CurlRequestOptions (configurable via config and command line):
LogInit:  - bVerifyPeer = true  - Libcurl will verify peer certificate
LogInit:  - bUseHttpProxy = false  - Libcurl will NOT use HTTP proxy
LogInit:  - bDontReuseConnections = false  - Libcurl will reuse connections
LogInit:  - MaxHostConnections = 16  - Libcurl will limit the number of connections to a host
LogInit:  - LocalHostAddr = Default
LogInit:  - BufferSize = 65536
LogOnline: OSS: Creating online subsystem instance for: NULL
LogInit: WinSock: version 1.1 (2.2), MaxSocks=32767, MaxUdp=65467
LogOnline: OSS: TryLoadSubsystemAndSetDefault: Loaded subsystem for module [NULL]
LogInit: Build: ++UE4+Release-4.24-CL-11100242
LogInit: Engine Version: 4.24.2-11100242+++UE4+Release-4.24
LogInit: Compatible Engine Version: 4.24.0-10570792+++UE4+Release-4.24
LogInit: Net CL: 10570792
LogInit: OS: Windows 8 (), CPU: Intel(R) Core(TM) i5-4670K CPU @ 3.40GHz, GPU: NVIDIA GeForce GTX 1050 Ti
LogInit: Compiled (64-bit): Jan 24 2020 02:05:53
LogInit: Compiled with Visual C++: 19.16.27032.01
LogInit: Build Configuration: Development
LogInit: Branch Name: ++UE4+Release-4.24
LogInit: Command Line: 
LogInit: Base Directory: E:/Epic Games/UE_4.24/Engine/Binaries/Win64/
LogInit: Installed Engine Build: 1
LogDevObjectVersion: Number of dev versions registered: 25
LogDevObjectVersion:   Dev-Blueprints (B0D832E4-1F89-4F0D-ACCF-7EB736FD4AA2): 10
LogDevObjectVersion:   Dev-Build (E1C64328-A22C-4D53-A36C-8E866417BD8C): 0
LogDevObjectVersion:   Dev-Core (375EC13C-06E4-48FB-B500-84F0262A717E): 3
LogDevObjectVersion:   Dev-Editor (E4B068ED-F494-42E9-A231-DA0B2E46BB41): 37
LogDevObjectVersion:   Dev-Framework (CFFC743F-43B0-4480-9391-14DF171D2073): 36
LogDevObjectVersion:   Dev-Mobile (B02B49B5-BB20-44E9-A304-32B752E40360): 2
LogDevObjectVersion:   Dev-Networking (A4E4105C-59A1-49B5-A7C5-40C4547EDFEE): 0
LogDevObjectVersion:   Dev-Online (39C831C9-5AE6-47DC-9A44-9C173E1C8E7C): 0
LogDevObjectVersion:   Dev-Physics (78F01B33-EBEA-4F98-B9B4-84EACCB95AA2): 2
LogDevObjectVersion:   Dev-Platform (6631380F-2D4D-43E0-8009-CF276956A95A): 0
LogDevObjectVersion:   Dev-Rendering (12F88B9F-8875-4AFC-A67C-D90C383ABD29): 36
LogDevObjectVersion:   Dev-Sequencer (7B5AE74C-D270-4C10-A958-57980B212A5A): 11
LogDevObjectVersion:   Dev-VR (D7296918-1DD6-4BDD-9DE2-64A83CC13884): 2
LogDevObjectVersion:   Dev-LoadTimes (C2A15278-BFE7-4AFE-6C17-90FF531DF755): 1
LogDevObjectVersion:   Private-Geometry (6EACA3D4-40EC-4CC1-B786-8BED09428FC5): 3
LogDevObjectVersion:   Dev-AnimPhys (29E575DD-E0A3-4627-9D10-D276232CDCEA): 17
LogDevObjectVersion:   Dev-Anim (AF43A65D-7FD3-4947-9873-3E8ED9C1BB05): 2
LogDevObjectVersion:   Dev-ReflectionCapture (6B266CEC-1EC7-4B8F-A30B-E4D90942FC07): 1
LogDevObjectVersion:   Dev-Automation (0DF73D61-A23F-47EA-B727-89E90C41499A): 1
LogDevObjectVersion:   FortniteMain (601D1886-AC64-4F84-AA16-D3DE0DEAC7D6): 31
LogDevObjectVersion:   Dev-Enterprise (9DFFBCD6-494F-0158-E221-12823C92A888): 8
LogDevObjectVersion:   Dev-Niagara (F2AED0AC-9AFE-416F-8664-AA7FFA26D6FC): 1
LogDevObjectVersion:   Dev-Destruction (174F1F0B-B4C6-45A5-B13F-2EE8D0FB917D): 9
LogDevObjectVersion:   Dev-Physics-Ext (35F94A83-E258-406C-A318-09F59610247C): 8
LogDevObjectVersion:   Dev-CineCamera (B2E18506-4273-CFC2-A54E-F4BB758BBA07): 1
LogInit: Presizing for max 25165824 objects, including 0 objects not considered by GC, pre-allocating 0 bytes for permanent pool.
LogInit: Object subsystem initialized
LogConfig: Setting CVar [[con.DebugEarlyDefault:1]]
LogConfig: Setting CVar [[r.setres:1280x720]]
[2020.02.21-07.38.33:295][  0]LogConfig: Setting CVar [[r.VSync:0]]
[2020.02.21-07.38.33:295][  0]LogConfig: Setting CVar [[r.RHICmdBypass:0]]
[2020.02.21-07.38.33:295][  0]LogConfig: Applying CVar settings from Section [/Script/Engine.RendererSettings] File [E:/Udemy course/Unreal Engine C++/PuzzlePlatforms/PuzzlePlatforms/Saved/Config/Windows/Engine.ini]
[2020.02.21-07.38.33:295][  0]LogConfig: Setting CVar [[r.GPUCrashDebugging:0]]
[2020.02.21-07.38.33:295][  0]LogConfig: Applying CVar settings from Section [/Script/Engine.RendererOverrideSettings] File [E:/Udemy course/Unreal Engine C++/PuzzlePlatforms/PuzzlePlatforms/Saved/Config/Windows/Engine.ini]
[2020.02.21-07.38.33:295][  0]LogConfig: Applying CVar settings from Section [/Script/Engine.StreamingSettings] File [E:/Udemy course/Unreal Engine C++/PuzzlePlatforms/PuzzlePlatforms/Saved/Config/Windows/Engine.ini]
[2020.02.21-07.38.33:295][  0]LogConfig: Setting CVar [[s.MinBulkDataSizeForAsyncLoading:131072]]
[2020.02.21-07.38.33:295][  0]LogConfig: Setting CVar [[s.AsyncLoadingThreadEnabled:0]]
[2020.02.21-07.38.33:295][  0]LogConfig: Setting CVar [[s.EventDrivenLoaderEnabled:1]]
[2020.02.21-07.38.33:295][  0]LogConfig: Setting CVar [[s.WarnIfTimeLimitExceeded:0]]
[2020.02.21-07.38.33:295][  0]LogConfig: Setting CVar [[s.TimeLimitExceededMultiplier:1.5]]
[2020.02.21-07.38.33:295][  0]LogConfig: Setting CVar [[s.TimeLimitExceededMinTime:0.005]]
[2020.02.21-07.38.33:295][  0]LogConfig: Setting CVar [[s.UseBackgroundLevelStreaming:1]]
[2020.02.21-07.38.33:295][  0]LogConfig: Setting CVar [[s.PriorityAsyncLoadingExtraTime:15.0]]
[2020.02.21-07.38.33:295][  0]LogConfig: Setting CVar [[s.LevelStreamingActorsUpdateTimeLimit:5.0]]
[2020.02.21-07.38.33:295][  0]LogConfig: Setting CVar [[s.PriorityLevelStreamingActorsUpdateExtraTime:5.0]]
[2020.02.21-07.38.33:295][  0]LogConfig: Setting CVar [[s.LevelStreamingComponentsRegistrationGranularity:10]]
[2020.02.21-07.38.33:295][  0]LogConfig: Setting CVar [[s.UnregisterComponentsTimeLimit:1.0]]
[2020.02.21-07.38.33:295][  0]LogConfig: Setting CVar [[s.LevelStreamingComponentsUnregistrationGranularity:5]]
[2020.02.21-07.38.33:295][  0]LogConfig: Setting CVar [[s.FlushStreamingOnExit:1]]
[2020.02.21-07.38.33:295][  0]LogConfig: Applying CVar settings from Section [/Script/Engine.GarbageCollectionSettings] File [E:/Udemy course/Unreal Engine C++/PuzzlePlatforms/PuzzlePlatforms/Saved/Config/Windows/Engine.ini]
[2020.02.21-07.38.33:295][  0]LogConfig: Setting CVar [[gc.MaxObjectsNotConsideredByGC:1]]
[2020.02.21-07.38.33:295][  0]LogConfig: Setting CVar [[gc.SizeOfPermanentObjectPool:0]]
[2020.02.21-07.38.33:295][  0]LogConfig: Setting CVar [[gc.FlushStreamingOnGC:0]]
[2020.02.21-07.38.33:295][  0]LogConfig: Setting CVar [[gc.NumRetriesBeforeForcingGC:10]]
[2020.02.21-07.38.33:295][  0]LogConfig: Setting CVar [[gc.AllowParallelGC:1]]
[2020.02.21-07.38.33:295][  0]LogConfig: Setting CVar [[gc.TimeBetweenPurgingPendingKillObjects:61.1]]
[2020.02.21-07.38.33:295][  0]LogConfig: Setting CVar [[gc.MaxObjectsInEditor:25165824]]
[2020.02.21-07.38.33:295][  0]LogConfig: Setting CVar [[gc.IncrementalBeginDestroyEnabled:1]]
[2020.02.21-07.38.33:295][  0]LogConfig: Setting CVar [[gc.CreateGCClusters:1]]
[2020.02.21-07.38.33:295][  0]LogConfig: Setting CVar [[gc.MinGCClusterSize:5]]
[2020.02.21-07.38.33:295][  0]LogConfig: Setting CVar [[gc.ActorClusteringEnabled:0]]
[2020.02.21-07.38.33:295][  0]LogConfig: Setting CVar [[gc.BlueprintClusteringEnabled:0]]
[2020.02.21-07.38.33:295][  0]LogConfig: Setting CVar [[gc.UseDisregardForGCOnDedicatedServers:0]]
[2020.02.21-07.38.33:295][  0]LogConfig: Applying CVar settings from Section [/Script/Engine.NetworkSettings] File [E:/Udemy course/Unreal Engine C++/PuzzlePlatforms/PuzzlePlatforms/Saved/Config/Windows/Engine.ini]
[2020.02.21-07.38.33:295][  0]LogConfig: Applying CVar settings from Section [/Script/UnrealEd.CookerSettings] File [E:/Udemy course/Unreal Engine C++/PuzzlePlatforms/PuzzlePlatforms/Saved/Config/Windows/Engine.ini]
[2020.02.21-07.38.33:301][  0]LogConfig: Applying CVar settings from Section [ViewDistanceQuality@3] File [E:/Udemy course/Unreal Engine C++/PuzzlePlatforms/PuzzlePlatforms/Saved/Config/Windows/Scalability.ini]
[2020.02.21-07.38.33:301][  0]LogConfig: Setting CVar [[r.SkeletalMeshLODBias:0]]
[2020.02.21-07.38.33:301][  0]LogConfig: Setting CVar [[r.ViewDistanceScale:1.0]]
[2020.02.21-07.38.33:301][  0]LogConfig: Applying CVar settings from Section [AntiAliasingQuality@3] File [E:/Udemy course/Unreal Engine C++/PuzzlePlatforms/PuzzlePlatforms/Saved/Config/Windows/Scalability.ini]
[2020.02.21-07.38.33:301][  0]LogConfig: Setting CVar [[r.PostProcessAAQuality:4]]
[2020.02.21-07.38.33:301][  0]LogConfig: Applying CVar settings from Section [ShadowQuality@3] File [E:/Udemy course/Unreal Engine C++/PuzzlePlatforms/PuzzlePlatforms/Saved/Config/Windows/Scalability.ini]
[2020.02.21-07.38.33:301][  0]LogConfig: Setting CVar [[r.LightFunctionQuality:1]]
[2020.02.21-07.38.33:301][  0]LogConfig: Setting CVar [[r.ShadowQuality:5]]
[2020.02.21-07.38.33:301][  0]LogConfig: Setting CVar [[r.Shadow.CSM.MaxCascades:10]]
[2020.02.21-07.38.33:301][  0]LogConfig: Setting CVar [[r.Shadow.MaxResolution:2048]]
[2020.02.21-07.38.33:301][  0]LogConfig: Setting CVar [[r.Shadow.MaxCSMResolution:2048]]
[2020.02.21-07.38.33:301][  0]LogConfig: Setting CVar [[r.Shadow.RadiusThreshold:0.01]]
[2020.02.21-07.38.33:301][  0]LogConfig: Setting CVar [[r.Shadow.DistanceScale:1.0]]
[2020.02.21-07.38.33:301][  0]LogConfig: Setting CVar [[r.Shadow.CSM.TransitionScale:1.0]]
[2020.02.21-07.38.33:301][  0]LogConfig: Setting CVar [[r.Shadow.PreShadowResolutionFactor:1.0]]
[2020.02.21-07.38.33:301][  0]LogConfig: Setting CVar [[r.DistanceFieldShadowing:1]]
[2020.02.21-07.38.33:301][  0]LogConfig: Setting CVar [[r.DistanceFieldAO:1]]
[2020.02.21-07.38.33:301][  0]LogConfig: Setting CVar [[r.AOQuality:2]]
[2020.02.21-07.38.33:301][  0]LogConfig: Setting CVar [[r.VolumetricFog:1]]
[2020.02.21-07.38.33:301][  0]LogConfig: Setting CVar [[r.VolumetricFog.GridPixelSize:8]]
[2020.02.21-07.38.33:301][  0]LogConfig: Setting CVar [[r.VolumetricFog.GridSizeZ:128]]
[2020.02.21-07.38.33:301][  0]LogConfig: Setting CVar [[r.VolumetricFog.HistoryMissSupersampleCount:4]]
[2020.02.21-07.38.33:301][  0]LogConfig: Setting CVar [[r.LightMaxDrawDistanceScale:1]]
[2020.02.21-07.38.33:301][  0]LogConfig: Setting CVar [[r.CapsuleShadows:1]]
[2020.02.21-07.38.33:301][  0]LogConfig: Applying CVar settings from Section [PostProcessQuality@3] File [E:/Udemy course/Unreal Engine C++/PuzzlePlatforms/PuzzlePlatforms/Saved/Config/Windows/Scalability.ini]
[2020.02.21-07.38.33:301][  0]LogConfig: Setting CVar [[r.MotionBlurQuality:4]]
[2020.02.21-07.38.33:301][  0]LogConfig: Setting CVar [[r.AmbientOcclusionMipLevelFactor:0.4]]
[2020.02.21-07.38.33:301][  0]LogConfig: Setting CVar [[r.AmbientOcclusionMaxQuality:100]]
[2020.02.21-07.38.33:301][  0]LogConfig: Setting CVar [[r.AmbientOcclusionLevels:-1]]
[2020.02.21-07.38.33:301][  0]LogConfig: Setting CVar [[r.AmbientOcclusionRadiusScale:1.0]]
[2020.02.21-07.38.33:301][  0]LogConfig: Setting CVar [[r.DepthOfFieldQuality:2]]
[2020.02.21-07.38.33:301][  0]LogConfig: Setting CVar [[r.RenderTargetPoolMin:400]]
[2020.02.21-07.38.33:301][  0]LogConfig: Setting CVar [[r.LensFlareQuality:2]]
[2020.02.21-07.38.33:301][  0]LogConfig: Setting CVar [[r.SceneColorFringeQuality:1]]
[2020.02.21-07.38.33:301][  0]LogConfig: Setting CVar [[r.EyeAdaptationQuality:2]]
[2020.02.21-07.38.33:301][  0]LogConfig: Setting CVar [[r.BloomQuality:5]]
[2020.02.21-07.38.33:302][  0]LogConfig: Setting CVar [[r.FastBlurThreshold:100]]
[2020.02.21-07.38.33:302][  0]LogConfig: Setting CVar [[r.Upscale.Quality:3]]
[2020.02.21-07.38.33:302][  0]LogConfig: Setting CVar [[r.Tonemapper.GrainQuantization:1]]
[2020.02.21-07.38.33:302][  0]LogConfig: Setting CVar [[r.LightShaftQuality:1]]
[2020.02.21-07.38.33:302][  0]LogConfig: Setting CVar [[r.Filter.SizeScale:1]]
[2020.02.21-07.38.33:302][  0]LogConfig: Setting CVar [[r.Tonemapper.Quality:5]]
[2020.02.21-07.38.33:302][  0]LogConfig: Setting CVar [[r.DOF.Gather.AccumulatorQuality:1        ; higher gathering accumulator quality]]
[2020.02.21-07.38.33:302][  0]LogConfig: Setting CVar [[r.DOF.Gather.PostfilterMethod:1          ; Median3x3 postfilering method]]
[2020.02.21-07.38.33:302][  0]LogConfig: Setting CVar [[r.DOF.Gather.EnableBokehSettings:0       ; no bokeh simulation when gathering]]
[2020.02.21-07.38.33:302][  0]LogConfig: Setting CVar [[r.DOF.Gather.RingCount:4                 ; medium number of samples when gathering]]
[2020.02.21-07.38.33:302][  0]LogConfig: Setting CVar [[r.DOF.Scatter.ForegroundCompositing:1    ; additive foreground scattering]]
[2020.02.21-07.38.33:302][  0]LogConfig: Setting CVar [[r.DOF.Scatter.BackgroundCompositing:2    ; additive background scattering]]
[2020.02.21-07.38.33:302][  0]LogConfig: Setting CVar [[r.DOF.Scatter.EnableBokehSettings:1      ; bokeh simulation when scattering]]
[2020.02.21-07.38.33:302][  0]LogConfig: Setting CVar [[r.DOF.Scatter.MaxSpriteRatio:0.1         ; only a maximum of 10% of scattered bokeh]]
[2020.02.21-07.38.33:302][  0]LogConfig: Setting CVar [[r.DOF.Recombine.Quality:1                ; cheap slight out of focus]]
[2020.02.21-07.38.33:302][  0]LogConfig: Setting CVar [[r.DOF.Recombine.EnableBokehSettings:0    ; no bokeh simulation on slight out of focus]]
[2020.02.21-07.38.33:302][  0]LogConfig: Setting CVar [[r.DOF.TemporalAAQuality:1                ; more stable temporal accumulation]]
[2020.02.21-07.38.33:302][  0]LogConfig: Setting CVar [[r.DOF.Kernel.MaxForegroundRadius:0.025]]
[2020.02.21-07.38.33:302][  0]LogConfig: Setting CVar [[r.DOF.Kernel.MaxBackgroundRadius:0.025]]
[2020.02.21-07.38.33:302][  0]LogConfig: Applying CVar settings from Section [TextureQuality@3] File [E:/Udemy course/Unreal Engine C++/PuzzlePlatforms/PuzzlePlatforms/Saved/Config/Windows/Scalability.ini]
[2020.02.21-07.38.33:302][  0]LogConfig: Setting CVar [[r.Streaming.MipBias:0]]
[2020.02.21-07.38.33:302][  0]LogConfig: Setting CVar [[r.Streaming.AmortizeCPUToGPUCopy:0]]
[2020.02.21-07.38.33:302][  0]LogConfig: Setting CVar [[r.Streaming.MaxNumTexturesToStreamPerFrame:0]]
[2020.02.21-07.38.33:302][  0]LogConfig: Setting CVar [[r.Streaming.Boost:1]]
[2020.02.21-07.38.33:302][  0]LogConfig: Setting CVar [[r.MaxAnisotropy:8]]
[2020.02.21-07.38.33:302][  0]LogConfig: Setting CVar [[r.VT.MaxAnisotropy:8]]
[2020.02.21-07.38.33:302][  0]LogConfig: Setting CVar [[r.Streaming.LimitPoolSizeToVRAM:0]]
[2020.02.21-07.38.33:302][  0]LogConfig: Setting CVar [[r.Streaming.PoolSize:1000]]
[2020.02.21-07.38.33:302][  0]LogConfig: Setting CVar [[r.Streaming.MaxEffectiveScreenSize:0]]
[2020.02.21-07.38.33:302][  0]LogConfig: Applying CVar settings from Section [EffectsQuality@3] File [E:/Udemy course/Unreal Engine C++/PuzzlePlatforms/PuzzlePlatforms/Saved/Config/Windows/Scalability.ini]
[2020.02.21-07.38.33:302][  0]LogConfig: Setting CVar [[r.TranslucencyLightingVolumeDim:64]]
[2020.02.21-07.38.33:302][  0]LogConfig: Setting CVar [[r.RefractionQuality:2]]
[2020.02.21-07.38.33:302][  0]LogConfig: Setting CVar [[r.SSR.Quality:3]]
[2020.02.21-07.38.33:302][  0]LogConfig: Setting CVar [[r.SSR.HalfResSceneColor:0]]
[2020.02.21-07.38.33:302][  0]LogConfig: Setting CVar [[r.SceneColorFormat:4]]
[2020.02.21-07.38.33:302][  0]LogConfig: Setting CVar [[r.DetailMode:2]]
[2020.02.21-07.38.33:302][  0]LogConfig: Setting CVar [[r.TranslucencyVolumeBlur:1]]
[2020.02.21-07.38.33:302][  0]LogConfig: Setting CVar [[r.MaterialQualityLevel:1 ; High quality]]
[2020.02.21-07.38.33:302][  0]LogConfig: Setting CVar [[r.SSS.Scale:1]]
[2020.02.21-07.38.33:302][  0]LogConfig: Setting CVar [[r.SSS.SampleSet:2]]
[2020.02.21-07.38.33:302][  0]LogConfig: Setting CVar [[r.SSS.Quality:1]]
[2020.02.21-07.38.33:302][  0]LogConfig: Setting CVar [[r.SSS.HalfRes:1]]
[2020.02.21-07.38.33:302][  0]LogConfig: Setting CVar [[r.SSGI.Quality:3]]
[2020.02.21-07.38.33:302][  0]LogConfig: Setting CVar [[r.EmitterSpawnRateScale:1.0]]
[2020.02.21-07.38.33:302][  0]LogConfig: Setting CVar [[r.ParticleLightQuality:2]]
[2020.02.21-07.38.33:302][  0]LogConfig: Setting CVar [[r.SkyAtmosphere.AerialPerspectiveLUT.FastApplyOnOpaque:1 ; Always have FastSkyLUT 1 in this case to avoid wrong sky]]
[2020.02.21-07.38.33:302][  0]LogConfig: Setting CVar [[r.SkyAtmosphere.AerialPerspectiveLUT.SampleCountPerSlice:1]]
[2020.02.21-07.38.33:302][  0]LogConfig: Setting CVar [[r.SkyAtmosphere.AerialPerspectiveLUT.DepthResolution:16.0]]
[2020.02.21-07.38.33:302][  0]LogConfig: Setting CVar [[r.SkyAtmosphere.FastSkyLUT:1]]
[2020.02.21-07.38.33:302][  0]LogConfig: Setting CVar [[r.SkyAtmosphere.FastSkyLUT.SampleCountMin:4.0]]
[2020.02.21-07.38.33:302][  0]LogConfig: Setting CVar [[r.SkyAtmosphere.FastSkyLUT.SampleCountMax:32.0]]
[2020.02.21-07.38.33:302][  0]LogConfig: Setting CVar [[r.SkyAtmosphere.SampleCountMin:4.0]]
[2020.02.21-07.38.33:302][  0]LogConfig: Setting CVar [[r.SkyAtmosphere.SampleCountMax:32.0]]
[2020.02.21-07.38.33:302][  0]LogConfig: Setting CVar [[r.SkyAtmosphere.TransmittanceLUT.UseSmallFormat:0]]
[2020.02.21-07.38.33:302][  0]LogConfig: Setting CVar [[r.SkyAtmosphere.TransmittanceLUT.SampleCount:10.0]]
[2020.02.21-07.38.33:302][  0]LogConfig: Setting CVar [[r.SkyAtmosphere.MultiScatteringLUT.SampleCount:15.0]]
[2020.02.21-07.38.33:302][  0]LogConfig: Applying CVar settings from Section [FoliageQuality@3] File [E:/Udemy course/Unreal Engine C++/PuzzlePlatforms/PuzzlePlatforms/Saved/Config/Windows/Scalability.ini]
[2020.02.21-07.38.33:302][  0]LogConfig: Setting CVar [[foliage.DensityScale:1.0]]
[2020.02.21-07.38.33:302][  0]LogConfig: Setting CVar [[grass.DensityScale:1.0]]
[2020.02.21-07.38.33:302][  0]LogConfig: Applying CVar settings from Section [ShadingQuality@3] File [E:/Udemy course/Unreal Engine C++/PuzzlePlatforms/PuzzlePlatforms/Saved/Config/Windows/Scalability.ini]
[2020.02.21-07.38.33:302][  0]LogConfig: Setting CVar [[r.HairStrands.SkyLighting.SampleCount:16]]
[2020.02.21-07.38.33:302][  0]LogConfig: Setting CVar [[r.HairStrands.SkyLighting.JitterIntegration:0]]
[2020.02.21-07.38.33:302][  0]LogConfig: Setting CVar [[r.HairStrands.SkyAO.SampleCount:16]]
[2020.02.21-07.38.33:302][  0]LogInit: Selected Device Profile: [Windows]
[2020.02.21-07.38.33:302][  0]LogInit: Applying CVar settings loaded from the selected device profile: [Windows]
[2020.02.21-07.38.33:335][  0]LogHAL: Display: Platform has ~ 12 GB [12826865664 / 17179869184 / 12], which maps to Larger [LargestMinGB=32, LargerMinGB=12, DefaultMinGB=8, SmallerMinGB=6, SmallestMinGB=0)
[2020.02.21-07.38.33:335][  0]LogInit: Going up to parent DeviceProfile []
[2020.02.21-07.38.33:336][  0]LogConfig: Applying CVar settings from Section [ViewDistanceQuality@0] File [E:/Udemy course/Unreal Engine C++/PuzzlePlatforms/PuzzlePlatforms/Saved/Config/Windows/Scalability.ini]
[2020.02.21-07.38.33:336][  0]LogConfig: Setting CVar [[r.SkeletalMeshLODBias:2]]
[2020.02.21-07.38.33:336][  0]LogConfig: Setting CVar [[r.ViewDistanceScale:0.4]]
[2020.02.21-07.38.33:336][  0]LogConfig: Applying CVar settings from Section [AntiAliasingQuality@0] File [E:/Udemy course/Unreal Engine C++/PuzzlePlatforms/PuzzlePlatforms/Saved/Config/Windows/Scalability.ini]
[2020.02.21-07.38.33:336][  0]LogConfig: Setting CVar [[r.PostProcessAAQuality:0]]
[2020.02.21-07.38.33:336][  0]LogConfig: Applying CVar settings from Section [ShadowQuality@0] File [E:/Udemy course/Unreal Engine C++/PuzzlePlatforms/PuzzlePlatforms/Saved/Config/Windows/Scalability.ini]
[2020.02.21-07.38.33:336][  0]LogConfig: Setting CVar [[r.LightFunctionQuality:0]]
[2020.02.21-07.38.33:336][  0]LogConfig: Setting CVar [[r.ShadowQuality:0]]
[2020.02.21-07.38.33:336][  0]LogConfig: Setting CVar [[r.Shadow.CSM.MaxCascades:1]]
[2020.02.21-07.38.33:336][  0]LogConfig: Setting CVar [[r.Shadow.MaxResolution:512]]
[2020.02.21-07.38.33:336][  0]LogConfig: Setting CVar [[r.Shadow.MaxCSMResolution:512]]
[2020.02.21-07.38.33:336][  0]LogConfig: Setting CVar [[r.Shadow.RadiusThreshold:0.06]]
[2020.02.21-07.38.33:336][  0]LogConfig: Setting CVar [[r.Shadow.DistanceScale:0.6]]
[2020.02.21-07.38.33:336][  0]LogConfig: Setting CVar [[r.Shadow.CSM.TransitionScale:0]]
[2020.02.21-07.38.33:336][  0]LogConfig: Setting CVar [[r.Shadow.PreShadowResolutionFactor:0.5]]
[2020.02.21-07.38.33:336][  0]LogConfig: Setting CVar [[r.DistanceFieldShadowing:0]]
[2020.02.21-07.38.33:336][  0]LogConfig: Setting CVar [[r.DistanceFieldAO:0]]
[2020.02.21-07.38.33:336][  0]LogConfig: Setting CVar [[r.VolumetricFog:0]]
[2020.02.21-07.38.33:336][  0]LogConfig: Setting CVar [[r.LightMaxDrawDistanceScale:0]]
[2020.02.21-07.38.33:336][  0]LogConfig: Setting CVar [[r.CapsuleShadows:0]]
[2020.02.21-07.38.33:336][  0]LogConfig: Applying CVar settings from Section [PostProcessQuality@0] File [E:/Udemy course/Unreal Engine C++/PuzzlePlatforms/PuzzlePlatforms/Saved/Config/Windows/Scalability.ini]
[2020.02.21-07.38.33:336][  0]LogConfig: Setting CVar [[r.MotionBlurQuality:0]]
[2020.02.21-07.38.33:336][  0]LogConfig: Setting CVar [[r.AmbientOcclusionMipLevelFactor:1.0]]
[2020.02.21-07.38.33:336][  0]LogConfig: Setting CVar [[r.AmbientOcclusionMaxQuality:0]]
[2020.02.21-07.38.33:336][  0]LogConfig: Setting CVar [[r.AmbientOcclusionLevels:0]]
[2020.02.21-07.38.33:336][  0]LogConfig: Setting CVar [[r.AmbientOcclusionRadiusScale:1.2]]
[2020.02.21-07.38.33:336][  0]LogConfig: Setting CVar [[r.DepthOfFieldQuality:0]]
[2020.02.21-07.38.33:336][  0]LogConfig: Setting CVar [[r.RenderTargetPoolMin:300]]
[2020.02.21-07.38.33:336][  0]LogConfig: Setting CVar [[r.LensFlareQuality:0]]
[2020.02.21-07.38.33:336][  0]LogConfig: Setting CVar [[r.SceneColorFringeQuality:0]]
[2020.02.21-07.38.33:336][  0]LogConfig: Setting CVar [[r.EyeAdaptationQuality:0]]
[2020.02.21-07.38.33:336][  0]LogConfig: Setting CVar [[r.BloomQuality:4]]
[2020.02.21-07.38.33:336][  0]LogConfig: Setting CVar [[r.FastBlurThreshold:0]]
[2020.02.21-07.38.33:336][  0]LogConfig: Setting CVar [[r.Upscale.Quality:1]]
[2020.02.21-07.38.33:336][  0]LogConfig: Setting CVar [[r.Tonemapper.GrainQuantization:0]]
[2020.02.21-07.38.33:336][  0]LogConfig: Setting CVar [[r.LightShaftQuality:0]]
[2020.02.21-07.38.33:336][  0]LogConfig: Setting CVar [[r.Filter.SizeScale:0.6]]
[2020.02.21-07.38.33:336][  0]LogConfig: Setting CVar [[r.Tonemapper.Quality:0]]
[2020.02.21-07.38.33:336][  0]LogConfig: Applying CVar settings from Section [TextureQuality@0] File [E:/Udemy course/Unreal Engine C++/PuzzlePlatforms/PuzzlePlatforms/Saved/Config/Windows/Scalability.ini]
[2020.02.21-07.38.33:336][  0]LogConfig: Setting CVar [[r.Streaming.MipBias:16]]
[2020.02.21-07.38.33:336][  0]LogConfig: Setting CVar [[r.Streaming.AmortizeCPUToGPUCopy:1]]
[2020.02.21-07.38.33:336][  0]LogConfig: Setting CVar [[r.Streaming.MaxNumTexturesToStreamPerFrame:1]]
[2020.02.21-07.38.33:336][  0]LogConfig: Setting CVar [[r.Streaming.Boost:0.3]]
[2020.02.21-07.38.33:336][  0]LogConfig: Setting CVar [[r.MaxAnisotropy:0]]
[2020.02.21-07.38.33:336][  0]LogConfig: Setting CVar [[r.VT.MaxAnisotropy:4]]
[2020.02.21-07.38.33:336][  0]LogConfig: Setting CVar [[r.Streaming.LimitPoolSizeToVRAM:1]]
[2020.02.21-07.38.33:336][  0]LogConfig: Setting CVar [[r.Streaming.PoolSize:400]]
[2020.02.21-07.38.33:336][  0]LogConfig: Setting CVar [[r.Streaming.MaxEffectiveScreenSize:0]]
[2020.02.21-07.38.33:336][  0]LogConfig: Applying CVar settings from Section [EffectsQuality@0] File [E:/Udemy course/Unreal Engine C++/PuzzlePlatforms/PuzzlePlatforms/Saved/Config/Windows/Scalability.ini]
[2020.02.21-07.38.33:336][  0]LogConfig: Setting CVar [[r.TranslucencyLightingVolumeDim:24]]
[2020.02.21-07.38.33:336][  0]LogConfig: Setting CVar [[r.RefractionQuality:0]]
[2020.02.21-07.38.33:336][  0]LogConfig: Setting CVar [[r.SSR.Quality:0]]
[2020.02.21-07.38.33:336][  0]LogConfig: Setting CVar [[r.SSR.HalfResSceneColor:1]]
[2020.02.21-07.38.33:336][  0]LogConfig: Setting CVar [[r.SceneColorFormat:3]]
[2020.02.21-07.38.33:336][  0]LogConfig: Setting CVar [[r.DetailMode:0]]
[2020.02.21-07.38.33:336][  0]LogConfig: Setting CVar [[r.TranslucencyVolumeBlur:0]]
[2020.02.21-07.38.33:336][  0]LogConfig: Setting CVar [[r.MaterialQualityLevel:0 ; Low quality]]
[2020.02.21-07.38.33:336][  0]LogConfig: Setting CVar [[r.SSS.Scale:0]]
[2020.02.21-07.38.33:336][  0]LogConfig: Setting CVar [[r.SSS.SampleSet:0]]
[2020.02.21-07.38.33:336][  0]LogConfig: Setting CVar [[r.SSS.Quality:0]]
[2020.02.21-07.38.33:336][  0]LogConfig: Setting CVar [[r.SSS.HalfRes:1]]
[2020.02.21-07.38.33:336][  0]LogConfig: Setting CVar [[r.SSGI.Quality:0]]
[2020.02.21-07.38.33:336][  0]LogConfig: Setting CVar [[r.EmitterSpawnRateScale:0.125]]
[2020.02.21-07.38.33:336][  0]LogConfig: Setting CVar [[r.ParticleLightQuality:0]]
[2020.02.21-07.38.33:336][  0]LogConfig: Setting CVar [[r.SkyAtmosphere.AerialPerspectiveLUT.FastApplyOnOpaque:1 ; Always have FastSkyLUT 1 in this case to avoid wrong sky]]
[2020.02.21-07.38.33:336][  0]LogConfig: Setting CVar [[r.SkyAtmosphere.AerialPerspectiveLUT.SampleCountPerSlice:1]]
[2020.02.21-07.38.33:336][  0]LogConfig: Setting CVar [[r.SkyAtmosphere.AerialPerspectiveLUT.DepthResolution:8.0]]
[2020.02.21-07.38.33:337][  0]LogConfig: Setting CVar [[r.SkyAtmosphere.FastSkyLUT:1]]
[2020.02.21-07.38.33:337][  0]LogConfig: Setting CVar [[r.SkyAtmosphere.FastSkyLUT.SampleCountMin:2.0]]
[2020.02.21-07.38.33:337][  0]LogConfig: Setting CVar [[r.SkyAtmosphere.FastSkyLUT.SampleCountMax:16.0]]
[2020.02.21-07.38.33:337][  0]LogConfig: Setting CVar [[r.SkyAtmosphere.SampleCountMin:2.0]]
[2020.02.21-07.38.33:337][  0]LogConfig: Setting CVar [[r.SkyAtmosphere.SampleCountMax:16.0]]
[2020.02.21-07.38.33:337][  0]LogConfig: Setting CVar [[r.SkyAtmosphere.TransmittanceLUT.UseSmallFormat:1]]
[2020.02.21-07.38.33:337][  0]LogConfig: Setting CVar [[r.SkyAtmosphere.TransmittanceLUT.SampleCount:10.0]]
[2020.02.21-07.38.33:337][  0]LogConfig: Setting CVar [[r.SkyAtmosphere.MultiScatteringLUT.SampleCount:15.0]]
[2020.02.21-07.38.33:337][  0]LogConfig: Applying CVar settings from Section [FoliageQuality@0] File [E:/Udemy course/Unreal Engine C++/PuzzlePlatforms/PuzzlePlatforms/Saved/Config/Windows/Scalability.ini]
[2020.02.21-07.38.33:337][  0]LogConfig: Setting CVar [[foliage.DensityScale:0]]
[2020.02.21-07.38.33:337][  0]LogConfig: Setting CVar [[grass.DensityScale:0]]
[2020.02.21-07.38.33:337][  0]LogConfig: Applying CVar settings from Section [ShadingQuality@0] File [E:/Udemy course/Unreal Engine C++/PuzzlePlatforms/PuzzlePlatforms/Saved/Config/Windows/Scalability.ini]
[2020.02.21-07.38.33:337][  0]LogConfig: Setting CVar [[r.HairStrands.SkyLighting.SampleCount:8]]
[2020.02.21-07.38.33:337][  0]LogConfig: Setting CVar [[r.HairStrands.SkyLighting.JitterIntegration:0]]
[2020.02.21-07.38.33:337][  0]LogConfig: Setting CVar [[r.HairStrands.SkyAO.SampleCount:8]]
[2020.02.21-07.38.33:337][  0]LogConfig: Applying CVar settings from Section [Startup] File [../../../Engine/Config/ConsoleVariables.ini]
[2020.02.21-07.38.33:343][  0]LogConfig: Setting CVar [[net.UseAdaptiveNetUpdateFrequency:0]]
[2020.02.21-07.38.33:343][  0]LogConfig: Setting CVar [[p.chaos.AllowCreatePhysxBodies:1]]
[2020.02.21-07.38.33:343][  0]LogConfig: Applying CVar settings from Section [ConsoleVariables] File [E:/Udemy course/Unreal Engine C++/PuzzlePlatforms/PuzzlePlatforms/Saved/Config/Windows/Engine.ini]
[2020.02.21-07.38.33:343][  0]LogInit: Computer: DEV
[2020.02.21-07.38.33:343][  0]LogInit: User: devda
[2020.02.21-07.38.33:343][  0]LogInit: CPU Page size=4096, Cores=4
[2020.02.21-07.38.33:343][  0]LogInit: High frequency timer resolution =10.000000 MHz
[2020.02.21-07.38.33:344][  0]LogMemory: Memory total: Physical=11.9GB (12GB approx)
[2020.02.21-07.38.33:344][  0]LogMemory: Platform Memory Stats for Windows
[2020.02.21-07.38.33:344][  0]LogMemory: Process Physical Memory: 127.71 MB used, 127.72 MB peak
[2020.02.21-07.38.33:344][  0]LogMemory: Process Virtual Memory: 117.32 MB used, 117.32 MB peak
[2020.02.21-07.38.33:344][  0]LogMemory: Physical Memory: 5127.43 MB used,  7105.22 MB free, 12232.65 MB total
[2020.02.21-07.38.33:344][  0]LogMemory: Virtual Memory: 5146.48 MB used,  134212584.00 MB free, 134217728.00 MB total
[2020.02.21-07.38.33:369][  0]LogWindows: WindowsPlatformFeatures enabled
[2020.02.21-07.38.33:983][  0]LogInit: Using OS detected language (en-US).
[2020.02.21-07.38.33:983][  0]LogInit: Using OS detected locale (en-IN).
[2020.02.21-07.38.34:052][  0]LogTextLocalizationManager: No specific localization for 'en-US' exists, so the 'en' localization will be used.
[2020.02.21-07.38.34:668][  0]LogInit: Setting process to per monitor DPI aware
[2020.02.21-07.38.35:040][  0]LogSlate: New Slate User Created.  User Index 0, Is Virtual User: 0
[2020.02.21-07.38.35:040][  0]LogSlate: Slate User Registered.  User Index 0, Is Virtual User: 0
[2020.02.21-07.38.38:108][  0]LogHMD: Failed to initialize OpenVR with code 110
[2020.02.21-07.38.38:108][  0]LogD3D11RHI: D3D11 min allowed feature level: 11_0
[2020.02.21-07.38.38:108][  0]LogD3D11RHI: D3D11 max allowed feature level: 11_0
[2020.02.21-07.38.38:108][  0]LogD3D11RHI: D3D11 adapters:
[2020.02.21-07.38.38:399][  0]LogD3D11RHI:    0. 'NVIDIA GeForce GTX 1050 Ti' (Feature Level 11_0)
[2020.02.21-07.38.38:399][  0]LogD3D11RHI:       4018/0/6116 MB DedicatedVideo/DedicatedSystem/SharedSystem, Outputs:1, VendorId:0x10de
[2020.02.21-07.38.38:428][  0]LogD3D11RHI:    1. 'Microsoft Basic Render Driver' (Feature Level 11_0)
[2020.02.21-07.38.38:428][  0]LogD3D11RHI:       0/0/6116 MB DedicatedVideo/DedicatedSystem/SharedSystem, Outputs:0, VendorId:0x1414
[2020.02.21-07.38.38:428][  0]LogD3D11RHI: Chosen D3D11 Adapter: 0
[2020.02.21-07.38.38:435][  0]LogD3D11RHI: Creating new Direct3DDevice
[2020.02.21-07.38.38:435][  0]LogD3D11RHI:     GPU DeviceId: 0x1c82 (for the marketing name, search the web for "GPU Device Id")
[2020.02.21-07.38.38:435][  0]LogWindows: EnumDisplayDevices:
[2020.02.21-07.38.38:436][  0]LogWindows:    0. 'NVIDIA GeForce GTX 1050 Ti' (P:1 D:1)
[2020.02.21-07.38.38:436][  0]LogWindows:    1. 'NVIDIA GeForce GTX 1050 Ti' (P:0 D:0)
[2020.02.21-07.38.38:436][  0]LogWindows:    2. 'NVIDIA GeForce GTX 1050 Ti' (P:0 D:0)
[2020.02.21-07.38.38:437][  0]LogWindows:    3. 'NVIDIA GeForce GTX 1050 Ti' (P:0 D:0)
[2020.02.21-07.38.38:437][  0]LogWindows: DebugString: FoundDriverCount:4 
[2020.02.21-07.38.38:437][  0]LogD3D11RHI:     Adapter Name: NVIDIA GeForce GTX 1050 Ti
[2020.02.21-07.38.38:437][  0]LogD3D11RHI:   Driver Version: 442.19 (internal:26.21.14.4219, unified:442.19)
[2020.02.21-07.38.38:437][  0]LogD3D11RHI:      Driver Date: 1-29-2020
[2020.02.21-07.38.38:437][  0]LogRHI: Texture pool is 2812 MB (70% of 4018 MB)
[2020.02.21-07.38.38:526][  0]LogD3D11RHI: RHI has support for 64 bit atomics
[2020.02.21-07.38.38:526][  0]LogD3D11RHI: Async texture creation enabled
[2020.02.21-07.38.38:634][  0]LogD3D11RHI: GPU Timing Frequency: 1000.000000 (Debug: 2 1)
[2020.02.21-07.38.39:353][  0]LogTargetPlatformManager: Display: Loaded TargetPlatform 'AllDesktop'
[2020.02.21-07.38.39:448][  0]LogTargetPlatformManager: Display: Loaded TargetPlatform 'Android'
[2020.02.21-07.38.39:448][  0]LogTargetPlatformManager: Display: Loaded TargetPlatform 'Android_ASTC'
[2020.02.21-07.38.39:448][  0]LogTargetPlatformManager: Display: Loaded TargetPlatform 'Android_ATC'
[2020.02.21-07.38.39:448][  0]LogTargetPlatformManager: Display: Loaded TargetPlatform 'Android_DXT'
[2020.02.21-07.38.39:448][  0]LogTargetPlatformManager: Display: Loaded TargetPlatform 'Android_ETC1'
[2020.02.21-07.38.39:448][  0]LogTargetPlatformManager: Display: Loaded TargetPlatform 'Android_ETC1a'
[2020.02.21-07.38.39:448][  0]LogTargetPlatformManager: Display: Loaded TargetPlatform 'Android_ETC2'
[2020.02.21-07.38.39:448][  0]LogTargetPlatformManager: Display: Loaded TargetPlatform 'Android_PVRTC'
[2020.02.21-07.38.39:448][  0]LogTargetPlatformManager: Display: Loaded TargetPlatform 'AndroidClient'
[2020.02.21-07.38.39:448][  0]LogTargetPlatformManager: Display: Loaded TargetPlatform 'Android_ASTCClient'
[2020.02.21-07.38.39:448][  0]LogTargetPlatformManager: Display: Loaded TargetPlatform 'Android_ATCClient'
[2020.02.21-07.38.39:448][  0]LogTargetPlatformManager: Display: Loaded TargetPlatform 'Android_DXTClient'
[2020.02.21-07.38.39:448][  0]LogTargetPlatformManager: Display: Loaded TargetPlatform 'Android_ETC1Client'
[2020.02.21-07.38.39:448][  0]LogTargetPlatformManager: Display: Loaded TargetPlatform 'Android_ETC1aClient'
[2020.02.21-07.38.39:448][  0]LogTargetPlatformManager: Display: Loaded TargetPlatform 'Android_ETC2Client'
[2020.02.21-07.38.39:448][  0]LogTargetPlatformManager: Display: Loaded TargetPlatform 'Android_PVRTCClient'
[2020.02.21-07.38.39:448][  0]LogTargetPlatformManager: Display: Loaded TargetPlatform 'Android_Multi'
[2020.02.21-07.38.39:448][  0]LogTargetPlatformManager: Display: Loaded TargetPlatform 'Android_MultiClient'
[2020.02.21-07.38.39:563][  0]LogTargetPlatformManager: Display: Loaded TargetPlatform 'IOSClient'
[2020.02.21-07.38.39:563][  0]LogTargetPlatformManager: Display: Loaded TargetPlatform 'IOS'
[2020.02.21-07.38.39:597][  0]LogTargetPlatformManager: Display: Loaded TargetPlatform 'LinuxNoEditor'
[2020.02.21-07.38.39:629][  0]LogTargetPlatformManager: Display: Loaded TargetPlatform 'LinuxClient'
[2020.02.21-07.38.39:659][  0]LogTargetPlatformManager: Display: Loaded TargetPlatform 'LinuxServer'
[2020.02.21-07.38.39:693][  0]LogTargetPlatformManager: Display: Loaded TargetPlatform 'LinuxAArch64NoEditor'
[2020.02.21-07.38.39:725][  0]LogTargetPlatformManager: Display: Loaded TargetPlatform 'LinuxAArch64Client'
[2020.02.21-07.38.39:753][  0]LogTargetPlatformManager: Display: Loaded TargetPlatform 'LinuxAArch64Server'
[2020.02.21-07.38.39:807][  0]LogTargetPlatformManager: Display: Loaded TargetPlatform 'Lumin'
[2020.02.21-07.38.39:807][  0]LogTargetPlatformManager: Display: Loaded TargetPlatform 'LuminClient'
[2020.02.21-07.38.39:845][  0]LogTargetPlatformManager: Display: Loaded TargetPlatform 'TVOSClient'
[2020.02.21-07.38.39:845][  0]LogTargetPlatformManager: Display: Loaded TargetPlatform 'TVOS'
[2020.02.21-07.38.39:881][  0]LogTargetPlatformManager: Display: Loaded TargetPlatform 'WindowsNoEditor'
[2020.02.21-07.38.39:918][  0]LogTargetPlatformManager: Display: Loaded TargetPlatform 'Windows'
[2020.02.21-07.38.39:957][  0]LogTargetPlatformManager: Display: Loaded TargetPlatform 'WindowsClient'
[2020.02.21-07.38.39:985][  0]LogTargetPlatformManager: Display: Loaded TargetPlatform 'WindowsServer'
[2020.02.21-07.38.39:985][  0]LogTargetPlatformManager: Display: Building Assets For Windows
[2020.02.21-07.38.40:145][  0]LogAudioDebug: Display: Lib vorbis DLL was dynamically loaded.
[2020.02.21-07.38.40:895][  0]LogShaderCompilers: Guid format shader working directory is -31 characters bigger than the processId version (../../../../../Udemy course/Unreal Engine C++/PuzzlePlatforms/PuzzlePlatforms/Intermediate/Shaders/WorkingDirectory/7768/).
[2020.02.21-07.38.40:896][  0]LogShaderCompilers: Cleaned the shader compiler working directory 'C:/Users/devda/AppData/Local/Temp/UnrealShaderWorkingDir/813EF7C848556E596342F6B2629AE67B/'.
[2020.02.21-07.38.40:896][  0]LogXGEController: Cleaning working directory: C:/Users/devda/AppData/Local/Temp/UnrealXGEWorkingDir/
[2020.02.21-07.38.40:896][  0]LogXGEController: Cannot use XGE Controller as Incredibuild is not installed on this machine.
[2020.02.21-07.38.40:896][  0]LogShaderCompilers: Cannot use XGE Shader Compiler as Incredibuild is not installed on this machine.
[2020.02.21-07.38.40:896][  0]LogShaderCompilers: Display: Using Local Shader Compiler.
[2020.02.21-07.38.44:867][  0]LogDerivedDataCache: Display: Max Cache Size: 512 MB
[2020.02.21-07.38.45:419][  0]LogDerivedDataCache: Loaded boot cache 0.55s 82MB C:/Users/devda/AppData/Local/UnrealEngine/4.24/DerivedDataCache/Boot.ddc.
[2020.02.21-07.38.45:419][  0]LogDerivedDataCache: Display: Loaded Boot cache: C:/Users/devda/AppData/Local/UnrealEngine/4.24/DerivedDataCache/Boot.ddc
[2020.02.21-07.38.45:419][  0]LogDerivedDataCache: FDerivedDataBackendGraph:  Pak pak cache file ../../../../../Udemy course/Unreal Engine C++/PuzzlePlatforms/PuzzlePlatforms/DerivedDataCache/DDC.ddp not found, will not use a pak cache.
[2020.02.21-07.38.45:419][  0]LogDerivedDataCache: Unable to find inner node Pak for hierarchical cache Hierarchy.
[2020.02.21-07.38.45:419][  0]LogDerivedDataCache: FDerivedDataBackendGraph:  CompressedPak pak cache file ../../../../../Udemy course/Unreal Engine C++/PuzzlePlatforms/PuzzlePlatforms/DerivedDataCache/Compressed.ddp not found, will not use a pak cache.
[2020.02.21-07.38.45:420][  0]LogDerivedDataCache: Unable to find inner node CompressedPak for hierarchical cache Hierarchy.
[2020.02.21-07.38.45:496][  0]LogDerivedDataCache: Display: Pak cache opened for reading ../../../Engine/DerivedDataCache/Compressed.ddp.
[2020.02.21-07.38.45:496][  0]LogDerivedDataCache: FDerivedDataBackendGraph:  EnterprisePak pak cache file ../../../Enterprise/DerivedDataCache/Compressed.ddp not found, will not use a pak cache.
[2020.02.21-07.38.45:496][  0]LogDerivedDataCache: Unable to find inner node EnterprisePak for hierarchical cache Hierarchy.
[2020.02.21-07.38.45:498][  0]LogDerivedDataCache: Using Local data cache path C:/Users/devda/AppData/Local/UnrealEngine/Common/DerivedDataCache: Writable
[2020.02.21-07.38.45:498][  0]LogDerivedDataCache: Shared data cache path not found in *engine.ini, will not use an Shared cache.
[2020.02.21-07.38.45:498][  0]LogDerivedDataCache: Unable to find inner node Shared for hierarchical cache Hierarchy.
[2020.02.21-07.38.45:527][  0]LogMaterial: Verifying Global Shaders for PCD3D_SM5
[2020.02.21-07.38.45:530][  0]LogSlate: Using FreeType 2.10.0
[2020.02.21-07.38.45:618][  0]LogSlate: SlateFontServices - WITH_FREETYPE: 1, WITH_HARFBUZZ: 1
[2020.02.21-07.38.46:803][  0]LogAssetRegistry: FAssetRegistry took 0.0023 seconds to start up
[2020.02.21-07.38.47:139][  0]LogInit: Selected Device Profile: [Windows]
[2020.02.21-07.38.49:358][  0]LogMeshReduction: Using QuadricMeshReduction for automatic static mesh reduction
[2020.02.21-07.38.49:359][  0]LogMeshReduction: Using SimplygonMeshReduction for automatic skeletal mesh reduction
[2020.02.21-07.38.49:359][  0]LogMeshReduction: Using ProxyLODMeshReduction for automatic mesh merging
[2020.02.21-07.38.49:359][  0]LogMeshReduction: No distributed automatic mesh merging module available
[2020.02.21-07.38.49:359][  0]LogMeshMerging: No distributed automatic mesh merging module available
[2020.02.21-07.38.49:470][  0]LogNetVersion: PuzzlePlatforms 1.0.0, NetCL: 10570792, EngineNetVer: 13, GameNetVer: 0 (Checksum: 2226377169)
[2020.02.21-07.39.12:117][  0]LogPackageLocalizationCache: Processed 10 localized package path(s) for 1 prioritized culture(s) in 0.054685 seconds
[2020.02.21-07.39.12:125][  0]LogUObjectArray: 46750 objects as part of root set at end of initial load.
[2020.02.21-07.39.12:125][  0]LogUObjectAllocator: 8137160 out of 0 bytes used by permanent object pool.
[2020.02.21-07.39.12:125][  0]LogUObjectArray: CloseDisregardForGC: 0/0 objects in disregard for GC pool
[2020.02.21-07.39.17:081][  0]LogTcpMessaging: Initializing TcpMessaging bridge
[2020.02.21-07.39.17:111][  0]LogUdpMessaging: Initializing bridge on interface 0.0.0.0:0 to multicast group 230.0.0.1:6666.
[2020.02.21-07.39.19:226][  0]SourceControl: Source control is disabled
[2020.02.21-07.39.19:226][  0]SourceControl: Source control is disabled
[2020.02.21-07.39.19:269][  0]SourceControl: Source control is disabled
[2020.02.21-07.39.19:314][  0]SourceControl: Source control is disabled
[2020.02.21-07.39.19:342][  0]SourceControl: Source control is disabled
[2020.02.21-07.39.20:796][  0]LogAndroidPermission: UAndroidPermissionCallbackProxy::GetInstance
[2020.02.21-07.39.21:086][  0]LogAudioCaptureCore: Display: No Audio Capture implementations found. Audio input will be silent.
[2020.02.21-07.39.21:086][  0]LogAudioCaptureCore: Display: No Audio Capture implementations found. Audio input will be silent.
[2020.02.21-07.39.21:721][  0]LogOcInput: OculusInput pre-init called
[2020.02.21-07.39.21:834][  0]LogWindows: Failed to load 'OVRPlugin.dll' (GetLastError=126)
[2020.02.21-07.39.21:834][  0]LogWindows: File 'OVRPlugin.dll' does not exist
[2020.02.21-07.39.22:168][  0]LogEngine: Initializing Engine...
[2020.02.21-07.39.22:169][  0]LogHMD: Failed to initialize OpenVR with code 110
[2020.02.21-07.39.22:170][  0]LogStats: UGameplayTagsManager::InitializeManager -  0.000 s
[2020.02.21-07.39.23:918][  0]LogInit: Initializing FReadOnlyCVARCache
[2020.02.21-07.39.23:952][  0]LogAIModule: Creating AISystem for world Untitled
[2020.02.21-07.39.23:978][  0]LogAudioMixer: Display: Audio Mixer Platform Settings:
[2020.02.21-07.39.23:978][  0]LogAudioMixer: Display: 	Sample Rate:						  48000
[2020.02.21-07.39.23:978][  0]LogAudioMixer: Display: 	Callback Buffer Frame Size Requested: 1024
[2020.02.21-07.39.23:978][  0]LogAudioMixer: Display: 	Callback Buffer Frame Size To Use:	  1024
[2020.02.21-07.39.23:978][  0]LogAudioMixer: Display: 	Number of buffers to queue:			  2
[2020.02.21-07.39.23:978][  0]LogAudioMixer: Display: 	Max Channels (voices):				  32
[2020.02.21-07.39.23:978][  0]LogAudioMixer: Display: 	Number of Async Source Workers:		  0
[2020.02.21-07.39.23:978][  0]LogAudio: Display: AudioDevice MaxSources: 32
[2020.02.21-07.39.23:978][  0]LogAudio: Display: Using built-in audio occlusion.
[2020.02.21-07.39.23:978][  0]LogAudioMixer: Display: Initializing audio mixer.
[2020.02.21-07.39.23:996][  0]LogAudioMixer: Display: Audio Device Output Speaker Info:
[2020.02.21-07.39.23:996][  0]LogAudioMixer: Display: Name: Speakers (2- High Definition Audio Device)
[2020.02.21-07.39.23:996][  0]LogAudioMixer: Display: Is Default: Yes
[2020.02.21-07.39.23:996][  0]LogAudioMixer: Display: Sample Rate: 48000
[2020.02.21-07.39.23:996][  0]LogAudioMixer: Display: Channel Count Used: 2
[2020.02.21-07.39.23:996][  0]LogAudioMixer: Display: Device Channel Count: 2
[2020.02.21-07.39.23:996][  0]LogAudioMixer: Display: Channel Order:
[2020.02.21-07.39.23:996][  0]LogAudioMixer: Display: 0: FrontLeft
[2020.02.21-07.39.23:996][  0]LogAudioMixer: Display: 1: FrontRight
[2020.02.21-07.39.24:075][  0]LogAudioMixer: Display: Using Audio Device Speakers (2- High Definition Audio Device)
[2020.02.21-07.39.24:078][  0]LogInit: FAudioDevice initialized.
[2020.02.21-07.39.24:079][  0]LogNetVersion: Set ProjectVersion to 1.0.0.0. Version Checksum will be recalculated on next use.
[2020.02.21-07.39.24:246][  0]LogDerivedDataCache: Saved boot cache 0.17s 82MB C:/Users/devda/AppData/Local/UnrealEngine/4.24/DerivedDataCache/Boot.ddc.
[2020.02.21-07.39.24:261][  0]LogInit: Texture streaming: Enabled
[2020.02.21-07.39.24:479][  0]LogEngineSessionManager: EngineSessionManager initialized
[2020.02.21-07.39.24:480][  0]LogEngineSessionManager: EngineSessionManager sent abnormal shutdown report. Type=AbnormalShutdown, SessionId={00976459-4FE7-8C1F-CFF9-099AC46497B9}
[2020.02.21-07.39.24:480][  0]LogEditorSessionSummary: Verbose: Initializing EditorSessionSummaryWriter for editor session tracking
[2020.02.21-07.39.24:536][  0]LogEditorSessionSummary: EditorSessionSummaryWriter initialized
[2020.02.21-07.39.25:307][  0]LogInit: Transaction tracking system initialized
[2020.02.21-07.39.26:445][  0]BlueprintLog: New page: Editor Load
[2020.02.21-07.39.28:428][  0]LocalizationService: Localization service is disabled
[2020.02.21-07.39.33:466][  0]LogFileCache: Scanning file cache for directory 'E:/Udemy course/Unreal Engine C++/PuzzlePlatforms/PuzzlePlatforms/Content/' took 0.04s
[2020.02.21-07.39.33:466][  0]LogCook: Display: Max memory allowance for cook 16384mb min free memory 0mb
[2020.02.21-07.39.33:466][  0]LogCook: Display: Mobile HDR setting 1
[2020.02.21-07.39.37:754][  0]SourceControl: Source control is disabled
[2020.02.21-07.39.37:754][  0]Cmd: MAP LOAD FILE="../../../../../Udemy course/Unreal Engine C++/PuzzlePlatforms/PuzzlePlatforms/Content/ThirdPersonCPP/Maps/ThirdPersonExampleMap.umap" TEMPLATE=0 SHOWPROGRESS=1 FEATURELEVEL=3
[2020.02.21-07.39.37:754][  0]LightingResults: New page: Lighting Build
[2020.02.21-07.39.37:755][  0]LogWorld: UWorld::CleanupWorld for Untitled, bSessionEnded=true, bCleanupResources=true
[2020.02.21-07.39.37:755][  0]LogSlate: InvalidateAllWidgets triggered.  All widgets were invalidated
[2020.02.21-07.39.37:755][  0]MapCheck: New page: Map Check
[2020.02.21-07.39.37:755][  0]LightingResults: New page: Lighting Build
[2020.02.21-07.39.37:793][  0]LogUObjectHash: Compacting FUObjectHashTables data took   2.51ms
[2020.02.21-07.39.39:235][  0]LogAIModule: Creating AISystem for world ThirdPersonExampleMap
[2020.02.21-07.39.39:367][  0]LogEditorServer: Finished looking for orphan Actors (0.000 secs)
[2020.02.21-07.39.39:398][  0]LogUObjectHash: Compacting FUObjectHashTables data took   2.28ms
[2020.02.21-07.39.39:398][  0]Cmd: MAP CHECKDEP NOCLEARLOG
[2020.02.21-07.39.39:398][  0]MapCheck: Map check complete: 0 Error(s), 0 Warning(s), took 0.136ms to complete.
[2020.02.21-07.39.39:398][  0]LogFileHelpers: Loading map 'ThirdPersonExampleMap' took 1.644
[2020.02.21-07.39.40:029][  0]LogSlate: Updating window title bar state: overlay mode, drag disabled, window buttons hidden, title bar hidden
[2020.02.21-07.39.40:042][  0]LogSlate: Updating window title bar state: overlay mode, drag disabled, window buttons hidden, title bar hidden
[2020.02.21-07.39.40:054][  0]LogSlate: Updating window title bar state: overlay mode, drag disabled, window buttons hidden, title bar hidden
[2020.02.21-07.39.40:066][  0]LogSlate: Updating window title bar state: overlay mode, drag disabled, window buttons hidden, title bar hidden
[2020.02.21-07.39.40:305][  0]LogCollectionManager: Loaded 0 collections in 0.001606 seconds
[2020.02.21-07.39.40:388][  0]LogFileCache: Scanning file cache for directory 'E:/Udemy course/Unreal Engine C++/PuzzlePlatforms/PuzzlePlatforms/Saved/Collections/' took 0.00s
[2020.02.21-07.39.40:388][  0]LogFileCache: Scanning file cache for directory 'E:/Udemy course/Unreal Engine C++/PuzzlePlatforms/PuzzlePlatforms/Content/Developers/devda/Collections/' took 0.00s
[2020.02.21-07.39.40:388][  0]LogFileCache: Scanning file cache for directory 'E:/Udemy course/Unreal Engine C++/PuzzlePlatforms/PuzzlePlatforms/Content/Collections/' took 0.00s
[2020.02.21-07.39.40:388][  0]LogContentBrowser: Native class hierarchy populated in 0.0382 seconds. Added 3018 classes and 719 folders.
[2020.02.21-07.39.40:469][  0]LogContentBrowser: Native class hierarchy updated for 'WidgetCarousel' in 0.0011 seconds. Added 0 classes and 0 folders.
[2020.02.21-07.39.42:508][  0]LogContentBrowser: Native class hierarchy updated for 'AddContentDialog' in 0.0013 seconds. Added 0 classes and 0 folders.
[2020.02.21-07.39.42:689][  0]LogContentBrowser: Native class hierarchy updated for 'SceneOutliner' in 0.0006 seconds. Added 2 classes and 3 folders.
[2020.02.21-07.39.43:237][  0]LogSlate: Took 0.022988 seconds to synchronously load lazily loaded font '../../../Engine/Content/Slate/Fonts/Roboto-Regular.ttf' (155K)
[2020.02.21-07.39.43:266][  0]LogSlate: Took 0.026635 seconds to synchronously load lazily loaded font '../../../Engine/Content/Slate/Fonts/Roboto-Bold.ttf' (160K)
[2020.02.21-07.39.43:291][  0]LogSlate: Took 0.020805 seconds to synchronously load lazily loaded font '../../../Engine/Content/Editor/Slate/Fonts/FontAwesome.ttf' (139K)
[2020.02.21-07.39.43:942][  0]LogRenderer: Reallocating scene render targets to support 1236x576 Format 9 NumSamples 1 (Frame:1).
[2020.02.21-07.39.44:350][  0]LogSlate: Took 0.079905 seconds to synchronously load lazily loaded font '../../../Engine/Content/Slate/Fonts/Roboto-Light.ttf' (167K)
[2020.02.21-07.39.44:690][  0]LogContentBrowser: Native class hierarchy updated for 'HierarchicalLODOutliner' in 0.0005 seconds. Added 0 classes and 0 folders.
[2020.02.21-07.39.44:690][  0]LogLoad: (Engine Initialization) Total time: 81.47 seconds
[2020.02.21-07.39.44:690][  0]LogLoad: (Engine Initialization) Total Blueprint compile time: 0.00 seconds
[2020.02.21-07.39.44:787][  0]LogContentStreaming: Texture pool size now 400 MB
[2020.02.21-07.39.47:378][ 26]LogAssetRegistry: Asset discovery search completed in 60.5764 seconds
[2020.02.21-07.39.47:382][ 26]LogCollectionManager: Fixed up redirectors for 0 collections in 0.000007 seconds (updated 0 objects)
[2020.02.21-07.39.52:419][594]LogEditorViewport: Clicking on Actor (LMB): ThirdPersonCharacter_C (ThirdPersonCharacter)
[2020.02.21-07.39.53:232][614]LogEditorViewport: Clicking on Actor (LMB): ThirdPersonCharacter_C (ThirdPersonCharacter)
[2020.02.21-07.39.57:781][  7]LogSlate: Took 0.000155 seconds to synchronously load lazily loaded font '../../../Engine/Content/Slate/Fonts/Roboto-Light.ttf' (167K)
[2020.02.21-07.39.57:804][  7]LogAssetEditorSubsystem: Opening Asset editor for Class /Script/PuzzlePlatforms.PuzzlePlatformsCharacter
[2020.02.21-07.40.03:633][101]LogVSAccessor: Warning: Visual Studio is open but could not be queried - it may be blocked by a modal operation
[2020.02.21-07.40.03:654][102]LogVSAccessor: Warning: Visual Studio is open but could not be queried - it may be blocked by a modal operation
[2020.02.21-07.40.03:671][103]LogVSAccessor: Warning: Visual Studio is open but could not be queried - it may be blocked by a modal operation
[2020.02.21-07.40.03:687][104]LogVSAccessor: Warning: Visual Studio is open but could not be queried - it may be blocked by a modal operation
[2020.02.21-07.40.03:702][105]LogVSAccessor: Warning: Visual Studio is open but could not be queried - it may be blocked by a modal operation
[2020.02.21-07.40.03:717][106]LogVSAccessor: Warning: Visual Studio is open but could not be queried - it may be blocked by a modal operation
[2020.02.21-07.40.03:732][107]LogVSAccessor: Warning: Visual Studio is open but could not be queried - it may be blocked by a modal operation
[2020.02.21-07.40.03:747][108]LogVSAccessor: Warning: Visual Studio is open but could not be queried - it may be blocked by a modal operation
[2020.02.21-07.40.03:762][109]LogVSAccessor: Warning: Visual Studio is open but could not be queried - it may be blocked by a modal operation
[2020.02.21-07.40.03:777][110]LogVSAccessor: Warning: Visual Studio is open but could not be queried - it may be blocked by a modal operation
[2020.02.21-07.40.03:792][111]LogVSAccessor: Warning: Visual Studio is open but could not be queried - it may be blocked by a modal operation
[2020.02.21-07.40.03:807][112]LogVSAccessor: Warning: Visual Studio is open but could not be queried - it may be blocked by a modal operation
[2020.02.21-07.40.03:822][113]LogVSAccessor: Warning: Visual Studio is open but could not be queried - it may be blocked by a modal operation
[2020.02.21-07.40.03:836][114]LogVSAccessor: Warning: Visual Studio is open but could not be queried - it may be blocked by a modal operation
[2020.02.21-07.40.03:852][115]LogVSAccessor: Warning: Visual Studio is open but could not be queried - it may be blocked by a modal operation
[2020.02.21-07.40.03:867][116]LogVSAccessor: Warning: Visual Studio is open but could not be queried - it may be blocked by a modal operation
[2020.02.21-07.40.03:885][117]LogVSAccessor: Warning: Visual Studio is open but could not be queried - it may be blocked by a modal operation
[2020.02.21-07.40.03:917][118]LogVSAccessor: Warning: Visual Studio is open but could not be queried - it may be blocked by a modal operation
[2020.02.21-07.40.03:935][119]LogVSAccessor: Warning: Visual Studio is open but could not be queried - it may be blocked by a modal operation
[2020.02.21-07.40.03:953][120]LogVSAccessor: Warning: Visual Studio is open but could not be queried - it may be blocked by a modal operation
[2020.02.21-07.40.03:970][121]LogVSAccessor: Warning: Visual Studio is open but could not be queried - it may be blocked by a modal operation
[2020.02.21-07.40.03:987][122]LogVSAccessor: Warning: Visual Studio is open but could not be queried - it may be blocked by a modal operation
[2020.02.21-07.40.04:004][123]LogVSAccessor: Warning: Visual Studio is open but could not be queried - it may be blocked by a modal operation
[2020.02.21-07.40.04:021][124]LogVSAccessor: Warning: Visual Studio is open but could not be queried - it may be blocked by a modal operation
[2020.02.21-07.40.04:037][125]LogVSAccessor: Warning: Visual Studio is open but could not be queried - it may be blocked by a modal operation
[2020.02.21-07.40.04:056][126]LogVSAccessor: Warning: Visual Studio is open but could not be queried - it may be blocked by a modal operation
[2020.02.21-07.40.04:073][127]LogVSAccessor: Warning: Visual Studio is open but could not be queried - it may be blocked by a modal operation
[2020.02.21-07.40.04:090][128]LogVSAccessor: Warning: Visual Studio is open but could not be queried - it may be blocked by a modal operation
[2020.02.21-07.40.04:106][129]LogVSAccessor: Warning: Visual Studio is open but could not be queried - it may be blocked by a modal operation
[2020.02.21-07.40.04:122][130]LogVSAccessor: Warning: Visual Studio is open but could not be queried - it may be blocked by a modal operation
[2020.02.21-07.40.04:140][131]LogVSAccessor: Warning: Visual Studio is open but could not be queried - it may be blocked by a modal operation
[2020.02.21-07.40.04:160][132]LogVSAccessor: Warning: Visual Studio is open but could not be queried - it may be blocked by a modal operation
[2020.02.21-07.40.04:175][133]LogVSAccessor: Warning: Visual Studio is open but could not be queried - it may be blocked by a modal operation
[2020.02.21-07.40.04:190][134]LogVSAccessor: Warning: Visual Studio is open but could not be queried - it may be blocked by a modal operation
[2020.02.21-07.40.04:206][135]LogVSAccessor: Warning: Visual Studio is open but could not be queried - it may be blocked by a modal operation
[2020.02.21-07.40.04:220][136]LogVSAccessor: Warning: Visual Studio is open but could not be queried - it may be blocked by a modal operation
[2020.02.21-07.40.04:235][137]LogVSAccessor: Warning: Visual Studio is open but could not be queried - it may be blocked by a modal operation
[2020.02.21-07.40.04:251][138]LogVSAccessor: Warning: Visual Studio is open but could not be queried - it may be blocked by a modal operation
[2020.02.21-07.40.04:267][139]LogVSAccessor: Warning: Visual Studio is open but could not be queried - it may be blocked by a modal operation
[2020.02.21-07.40.04:282][140]LogVSAccessor: Warning: Visual Studio is open but could not be queried - it may be blocked by a modal operation
[2020.02.21-07.40.04:298][141]LogVSAccessor: Warning: Visual Studio is open but could not be queried - it may be blocked by a modal operation
[2020.02.21-07.40.04:314][142]LogVSAccessor: Warning: Visual Studio is open but could not be queried - it may be blocked by a modal operation
[2020.02.21-07.40.04:329][143]LogVSAccessor: Warning: Visual Studio is open but could not be queried - it may be blocked by a modal operation
[2020.02.21-07.40.04:344][144]LogVSAccessor: Warning: Visual Studio is open but could not be queried - it may be blocked by a modal operation
[2020.02.21-07.40.04:358][145]LogVSAccessor: Warning: Visual Studio is open but could not be queried - it may be blocked by a modal operation
[2020.02.21-07.40.04:374][146]LogVSAccessor: Warning: Visual Studio is open but could not be queried - it may be blocked by a modal operation
[2020.02.21-07.40.04:389][147]LogVSAccessor: Warning: Visual Studio is open but could not be queried - it may be blocked by a modal operation
[2020.02.21-07.40.04:404][148]LogVSAccessor: Warning: Visual Studio is open but could not be queried - it may be blocked by a modal operation
[2020.02.21-07.40.04:757][149]LogVSAccessor: Warning: Visual Studio is open but could not be queried - it may be blocked by a modal operation
[2020.02.21-07.40.05:089][150]LogVSAccessor: Warning: Visual Studio is open but could not be queried - it may be blocked by a modal operation
[2020.02.21-07.40.05:437][151]LogVSAccessor: Warning: Visual Studio is open but could not be queried - it may be blocked by a modal operation
[2020.02.21-07.40.05:762][152]LogVSAccessor: Warning: Visual Studio is open but could not be queried - it may be blocked by a modal operation
[2020.02.21-07.40.06:114][153]LogVSAccessor: Warning: Visual Studio is open but could not be queried - it may be blocked by a modal operation
[2020.02.21-07.40.06:455][154]LogVSAccessor: Warning: Visual Studio is open but could not be queried - it may be blocked by a modal operation
[2020.02.21-07.40.06:788][155]LogVSAccessor: Warning: Visual Studio is open but could not be queried - it may be blocked by a modal operation
[2020.02.21-07.40.07:124][156]LogVSAccessor: Warning: Visual Studio is open but could not be queried - it may be blocked by a modal operation
[2020.02.21-07.40.07:459][157]LogVSAccessor: Warning: Visual Studio is open but could not be queried - it may be blocked by a modal operation
[2020.02.21-07.40.09:789][158]LogVSAccessor: Warning: Visual Studio is open but could not be queried - it may be blocked by a modal operation
[2020.02.21-07.40.09:823][159]LogVSAccessor: Warning: Visual Studio is open but could not be queried - it may be blocked by a modal operation
[2020.02.21-07.40.10:152][160]LogVSAccessor: Warning: Visual Studio is open but could not be queried - it may be blocked by a modal operation
[2020.02.21-07.40.10:484][161]LogVSAccessor: Warning: Visual Studio is open but could not be queried - it may be blocked by a modal operation
[2020.02.21-07.40.15:762][162]LogVSAccessor: Warning: Couldn't get Visual Studio COM object
[2020.02.21-07.40.15:762][162]LogVSAccessor: Warning: Couldn't access Visual Studio
[2020.02.21-07.40.15:768][162]LogVSAccessor: Warning: Couldn't access module table
[2020.02.21-07.40.15:768][162]LogVSAccessor: Warning: Couldn't access module table
[2020.02.21-07.40.15:768][162]LogVSAccessor: Warning: Couldn't access module table
[2020.02.21-07.40.15:768][162]LogVSAccessor: Warning: Couldn't access module table
[2020.02.21-07.40.15:768][162]LogVSAccessor: Warning: Couldn't access module table
[2020.02.21-07.40.15:768][162]LogVSAccessor: Warning: Couldn't access module table
[2020.02.21-07.40.15:768][162]LogVSAccessor: Warning: Couldn't access module table
[2020.02.21-07.40.15:769][162]LogVSAccessor: Warning: Couldn't access module table
[2020.02.21-07.40.15:769][162]LogVSAccessor: Warning: Couldn't access module table
[2020.02.21-07.40.15:769][162]LogVSAccessor: Warning: Couldn't access module table
[2020.02.21-07.40.15:769][162]LogVSAccessor: Warning: Couldn't access module table
[2020.02.21-07.40.15:769][162]LogVSAccessor: Warning: Couldn't access module table
[2020.02.21-07.40.15:769][162]LogVSAccessor: Warning: Couldn't access module table
[2020.02.21-07.40.15:769][162]LogVSAccessor: Warning: Couldn't access module table
[2020.02.21-07.40.15:769][162]LogVSAccessor: Warning: Couldn't access module table
[2020.02.21-07.40.15:769][162]LogVSAccessor: Warning: Couldn't access module table
[2020.02.21-07.40.15:769][162]LogVSAccessor: Warning: Couldn't access module table
[2020.02.21-07.40.15:769][162]LogVSAccessor: Warning: Couldn't access module table
[2020.02.21-07.40.15:769][162]LogVSAccessor: Warning: Couldn't access module table
[2020.02.21-07.40.15:770][162]LogVSAccessor: Warning: Couldn't access module table
[2020.02.21-07.40.15:770][162]LogVSAccessor: Warning: Couldn't access module table
[2020.02.21-07.40.15:770][162]LogVSAccessor: Warning: Couldn't access module table
[2020.02.21-07.40.15:770][162]LogVSAccessor: Warning: Couldn't access module table
[2020.02.21-07.40.15:770][162]LogVSAccessor: Warning: Couldn't access module table
[2020.02.21-07.40.15:770][162]LogVSAccessor: Warning: Couldn't access module table
[2020.02.21-07.40.15:770][162]LogVSAccessor: Warning: Couldn't access module table
[2020.02.21-07.40.15:770][162]LogVSAccessor: Warning: Couldn't access module table
[2020.02.21-07.40.15:770][162]LogVSAccessor: Warning: Couldn't access module table
[2020.02.21-07.40.15:770][162]LogVSAccessor: Warning: Couldn't access module table
[2020.02.21-07.40.15:770][162]LogVSAccessor: Warning: Couldn't access module table
[2020.02.21-07.40.15:770][162]LogVSAccessor: Warning: Couldn't access module table
[2020.02.21-07.40.15:770][162]LogVSAccessor: Warning: Couldn't access module table
[2020.02.21-07.40.15:770][162]LogVSAccessor: Warning: Couldn't access module table
[2020.02.21-07.40.15:771][162]LogVSAccessor: Warning: Couldn't access module table
[2020.02.21-07.40.15:771][162]LogVSAccessor: Warning: Couldn't access module table
[2020.02.21-07.40.15:771][162]LogVSAccessor: Warning: Couldn't access module table
[2020.02.21-07.40.15:771][162]LogVSAccessor: Warning: Couldn't access module table
[2020.02.21-07.40.15:771][162]LogVSAccessor: Warning: Couldn't access module table
[2020.02.21-07.40.15:771][162]LogVSAccessor: Warning: Couldn't access module table
[2020.02.21-07.40.15:771][162]LogVSAccessor: Warning: Couldn't access module table
[2020.02.21-07.40.15:771][162]LogVSAccessor: Warning: Couldn't access module table
[2020.02.21-07.40.15:771][162]LogVSAccessor: Warning: Couldn't access module table
[2020.02.21-07.40.15:771][162]LogVSAccessor: Warning: Couldn't access module table
[2020.02.21-07.40.15:771][162]LogVSAccessor: Warning: Couldn't access module table
[2020.02.21-07.40.15:771][162]LogVSAccessor: Warning: Couldn't access module table
[2020.02.21-07.40.15:772][162]LogVSAccessor: Warning: Couldn't access module table
[2020.02.21-07.40.15:772][162]LogVSAccessor: Warning: Couldn't access module table
[2020.02.21-07.40.15:772][162]LogVSAccessor: Warning: Couldn't access module table
[2020.02.21-07.40.15:772][162]LogVSAccessor: Warning: Couldn't access module table
[2020.02.21-07.40.15:772][162]LogVSAccessor: Warning: Couldn't access module table
[2020.02.21-07.40.15:772][162]LogVSAccessor: Warning: Couldn't access module table
[2020.02.21-07.40.15:772][162]LogVSAccessor: Warning: Couldn't access module table
[2020.02.21-07.40.15:772][162]LogVSAccessor: Warning: Couldn't access module table
[2020.02.21-07.40.15:772][162]LogVSAccessor: Warning: Couldn't access module table
[2020.02.21-07.40.15:773][162]LogVSAccessor: Warning: Couldn't access module table
[2020.02.21-07.40.15:773][162]LogVSAccessor: Warning: Couldn't access module table
[2020.02.21-07.40.15:773][162]LogVSAccessor: Warning: Couldn't access module table
[2020.02.21-07.40.15:773][162]LogVSAccessor: Warning: Couldn't access module table
[2020.02.21-07.40.15:773][162]LogVSAccessor: Warning: Couldn't access module table
[2020.02.21-07.40.15:773][162]LogVSAccessor: Warning: Couldn't access module table
[2020.02.21-07.40.15:773][162]LogVSAccessor: Warning: Couldn't access module table
[2020.02.21-07.40.15:773][162]LogVSAccessor: Warning: Couldn't access module table
[2020.02.21-07.40.15:773][162]LogVSAccessor: Warning: Couldn't access module table
[2020.02.21-07.40.15:773][162]LogVSAccessor: Warning: Couldn't access module table
[2020.02.21-07.40.15:773][162]LogVSAccessor: Warning: Couldn't access module table
[2020.02.21-07.40.15:774][162]LogVSAccessor: Warning: Couldn't access module table
[2020.02.21-07.40.15:774][162]LogVSAccessor: Warning: Couldn't access module table
[2020.02.21-07.40.15:774][162]LogVSAccessor: Warning: Couldn't access module table
[2020.02.21-07.40.15:774][162]LogVSAccessor: Warning: Couldn't access module table
[2020.02.21-07.40.15:774][162]LogVSAccessor: Warning: Couldn't access module table
[2020.02.21-07.40.15:774][162]LogVSAccessor: Warning: Couldn't access module table
[2020.02.21-07.40.15:774][162]LogVSAccessor: Warning: Couldn't access module table
[2020.02.21-07.40.15:774][162]LogVSAccessor: Warning: Couldn't access module table
[2020.02.21-07.40.15:774][162]LogVSAccessor: Warning: Couldn't access module table
[2020.02.21-07.40.15:775][162]LogVSAccessor: Warning: Couldn't access module table
[2020.02.21-07.40.15:775][162]LogVSAccessor: Warning: Couldn't access module table
[2020.02.21-07.40.15:775][162]LogVSAccessor: Warning: Couldn't access module table
[2020.02.21-07.40.15:775][162]LogVSAccessor: Warning: Couldn't access module table
[2020.02.21-07.40.15:775][162]LogVSAccessor: Warning: Couldn't access module table
[2020.02.21-07.40.15:775][162]LogVSAccessor: Warning: Couldn't access module table
[2020.02.21-07.40.15:775][162]LogVSAccessor: Warning: Couldn't access module table
[2020.02.21-07.40.15:775][162]LogVSAccessor: Warning: Couldn't access module table
[2020.02.21-07.40.15:775][162]LogVSAccessor: Warning: Couldn't access module table
[2020.02.21-07.40.15:775][162]LogVSAccessor: Warning: Couldn't access module table
[2020.02.21-07.40.15:775][162]LogVSAccessor: Warning: Couldn't access module table
[2020.02.21-07.40.15:776][162]LogVSAccessor: Warning: Couldn't access module table
[2020.02.21-07.40.15:776][162]LogVSAccessor: Warning: Couldn't access module table
[2020.02.21-07.40.15:776][162]LogVSAccessor: Warning: Couldn't access module table
[2020.02.21-07.40.15:776][162]LogVSAccessor: Warning: Couldn't access module table
[2020.02.21-07.40.15:776][162]LogVSAccessor: Warning: Couldn't access module table
[2020.02.21-07.40.15:776][162]LogVSAccessor: Warning: Couldn't access module table
[2020.02.21-07.40.15:776][162]LogVSAccessor: Warning: Couldn't access module table
[2020.02.21-07.40.15:776][162]LogVSAccessor: Warning: Couldn't access module table
[2020.02.21-07.40.15:776][162]LogVSAccessor: Warning: Couldn't access module table
[2020.02.21-07.40.15:776][162]LogVSAccessor: Warning: Couldn't access module table
[2020.02.21-07.40.15:776][162]LogVSAccessor: Warning: Couldn't access module table
[2020.02.21-07.40.15:776][162]LogVSAccessor: Warning: Couldn't access module table
[2020.02.21-07.40.15:777][162]LogVSAccessor: Warning: Couldn't access module table
[2020.02.21-07.40.15:777][162]LogVSAccessor: Warning: Couldn't access module table
[2020.02.21-07.40.15:777][162]LogVSAccessor: Warning: Couldn't access module table
[2020.02.21-07.40.15:777][162]LogVSAccessor: Warning: Couldn't access module table
[2020.02.21-07.40.15:777][162]LogVSAccessor: Warning: Couldn't access module table
[2020.02.21-07.40.15:777][162]LogVSAccessor: Warning: Couldn't access module table
[2020.02.21-07.40.15:777][162]LogVSAccessor: Warning: Couldn't access module table
[2020.02.21-07.40.15:777][162]LogVSAccessor: Warning: Couldn't access module table
[2020.02.21-07.40.15:777][162]LogVSAccessor: Warning: Couldn't access module table
[2020.02.21-07.40.15:777][162]LogVSAccessor: Warning: Couldn't access module table
[2020.02.21-07.40.15:777][162]LogVSAccessor: Warning: Couldn't access module table
[2020.02.21-07.40.15:777][162]LogVSAccessor: Warning: Couldn't access module table
[2020.02.21-07.40.15:777][162]LogVSAccessor: Warning: Couldn't access module table
[2020.02.21-07.40.15:782][162]LogVSAccessor: Warning: Couldn't access module table
[2020.02.21-07.40.15:786][162]LogVSAccessor: Warning: Couldn't access module table
[2020.02.21-07.40.15:825][162]LogVSAccessor: Warning: Couldn't access module table
[2020.02.21-07.40.15:903][162]LogVSAccessor: Warning: Couldn't access module table
[2020.02.21-07.40.15:977][162]LogVSAccessor: Warning: Couldn't access module table
[2020.02.21-07.40.15:977][162]LogVSAccessor: Warning: Couldn't access module table
[2020.02.21-07.40.15:978][162]LogVSAccessor: Warning: Couldn't access module table
[2020.02.21-07.40.15:984][162]LogVSAccessor: Warning: Couldn't access module table
[2020.02.21-07.40.15:984][162]LogVSAccessor: Warning: Couldn't access module table
[2020.02.21-07.40.15:984][162]LogVSAccessor: Warning: Couldn't access module table
[2020.02.21-07.40.15:984][162]LogVSAccessor: Warning: Couldn't access module table
[2020.02.21-07.40.15:991][162]LogVSAccessor: Warning: Couldn't access module table
[2020.02.21-07.40.15:993][162]LogVSAccessor: Warning: Couldn't access module table
[2020.02.21-07.40.15:993][162]LogVSAccessor: Warning: Couldn't access module table
[2020.02.21-07.40.15:997][162]LogVSAccessor: Warning: Couldn't access module table
[2020.02.21-07.40.15:997][162]LogVSAccessor: Warning: Couldn't access module table
[2020.02.21-07.40.15:998][162]LogVSAccessor: Warning: Couldn't access module table
[2020.02.21-07.40.16:000][162]LogVSAccessor: Warning: Couldn't access module table
[2020.02.21-07.40.16:000][162]LogVSAccessor: Warning: Couldn't access module table
[2020.02.21-07.40.16:001][162]LogVSAccessor: Warning: Couldn't access module table
[2020.02.21-07.40.19:813][303]LogAssetEditorSubsystem: Opening Asset editor for Class /Script/PuzzlePlatforms.MovingPlatform
[2020.02.21-07.40.36:608][766]LogAssetEditorSubsystem: Opening Asset editor for Class /Script/PuzzlePlatforms.MovingPlatform
[2020.02.21-07.40.43:703][285]LogAssetEditorSubsystem: Opening Asset editor for Blueprint /Game/ThirdPersonCPP/Blueprints/ThirdPersonCharacter.ThirdPersonCharacter
[2020.02.21-07.40.44:054][285]LogContentBrowser: Native class hierarchy updated for 'BlueprintGraph' in 0.0010 seconds. Added 121 classes and 0 folders.
[2020.02.21-07.40.45:423][285]LogSlate: Took 0.012203 seconds to synchronously load lazily loaded font '../../../Engine/Content/Slate/Fonts/Roboto-BoldCondensed.ttf' (158K)
[2020.02.21-07.40.45:776][286]LogSlate: Took 0.014346 seconds to synchronously load lazily loaded font '../../../Engine/Content/Slate/Fonts/Roboto-Italic.ttf' (157K)
[2020.02.21-07.40.47:332][442]LogRenderer: Reallocating scene render targets to support 1236x700 Format 9 NumSamples 1 (Frame:1).
[2020.02.21-07.42.00:501][304]LogWorld: UWorld::CleanupWorld for World_2, bSessionEnded=true, bCleanupResources=true
[2020.02.21-07.42.00:501][304]LogSlate: InvalidateAllWidgets triggered.  All widgets were invalidated
[2020.02.21-07.42.05:705][760]LogTemp: Repeating last play command: Selected Viewport
[2020.02.21-07.42.05:718][760]LogBlueprintUserMessages: Early PlayInEditor Detection: Level '/Game/ThirdPersonCPP/Maps/ThirdPersonExampleMap.ThirdPersonExampleMap:PersistentLevel' has LevelScriptBlueprint '/Game/ThirdPersonCPP/Maps/ThirdPersonExampleMap.ThirdPersonExampleMap:PersistentLevel.ThirdPersonExampleMap' with GeneratedClass '/Game/ThirdPersonCPP/Maps/ThirdPersonExampleMap.ThirdPersonExampleMap_C' with ClassGeneratedBy '/Game/ThirdPersonCPP/Maps/ThirdPersonExampleMap.ThirdPersonExampleMap:PersistentLevel.ThirdPersonExampleMap'
[2020.02.21-07.42.05:718][760]LogPlayLevel: PlayLevel: No blueprints needed recompiling
[2020.02.21-07.42.05:782][760]PIE: New page: PIE session: ThirdPersonExampleMap (21-Feb-2020, 6:42:05 pm)
[2020.02.21-07.42.05:785][760]LogOnline: OSS: Creating online subsystem instance for: NULL
[2020.02.21-07.42.05:788][760]LogOnline: OSS: TryLoadSubsystemAndSetDefault: Loaded subsystem for module [NULL]
[2020.02.21-07.42.05:789][760]LogPlayLevel: Creating play world package: /Game/ThirdPersonCPP/Maps/UEDPIE_0_ThirdPersonExampleMap
[2020.02.21-07.42.05:829][760]LogPlayLevel: PIE: StaticDuplicateObject took: (0.039779s)
[2020.02.21-07.42.05:843][760]LogAIModule: Creating AISystem for world ThirdPersonExampleMap
[2020.02.21-07.42.05:843][760]LogPlayLevel: PIE: World Init took: (0.014024s)
[2020.02.21-07.42.05:843][760]LogPlayLevel: PIE: Created PIE world by copying editor world from /Game/ThirdPersonCPP/Maps/ThirdPersonExampleMap.ThirdPersonExampleMap to /Game/ThirdPersonCPP/Maps/UEDPIE_0_ThirdPersonExampleMap.ThirdPersonExampleMap (0.054392s)
[2020.02.21-07.42.05:913][760]LogUObjectHash: Compacting FUObjectHashTables data took   4.05ms
[2020.02.21-07.42.05:918][760]LogAudioMixer: Display: Audio Mixer Platform Settings:
[2020.02.21-07.42.05:918][760]LogAudioMixer: Display: 	Sample Rate:						  48000
[2020.02.21-07.42.05:918][760]LogAudioMixer: Display: 	Callback Buffer Frame Size Requested: 1024
[2020.02.21-07.42.05:918][760]LogAudioMixer: Display: 	Callback Buffer Frame Size To Use:	  1024
[2020.02.21-07.42.05:918][760]LogAudioMixer: Display: 	Number of buffers to queue:			  2
[2020.02.21-07.42.05:918][760]LogAudioMixer: Display: 	Max Channels (voices):				  32
[2020.02.21-07.42.05:918][760]LogAudioMixer: Display: 	Number of Async Source Workers:		  0
[2020.02.21-07.42.05:918][760]LogAudio: Display: AudioDevice MaxSources: 32
[2020.02.21-07.42.05:918][760]LogAudio: Display: Using built-in audio occlusion.
[2020.02.21-07.42.05:918][760]LogAudioMixer: Display: Initializing audio mixer.
[2020.02.21-07.42.05:933][760]LogAudioMixer: Display: Audio Device Output Speaker Info:
[2020.02.21-07.42.05:933][760]LogAudioMixer: Display: Name: Speakers (2- High Definition Audio Device)
[2020.02.21-07.42.05:933][760]LogAudioMixer: Display: Is Default: Yes
[2020.02.21-07.42.05:933][760]LogAudioMixer: Display: Sample Rate: 48000
[2020.02.21-07.42.05:933][760]LogAudioMixer: Display: Channel Count Used: 2
[2020.02.21-07.42.05:933][760]LogAudioMixer: Display: Device Channel Count: 2
[2020.02.21-07.42.05:933][760]LogAudioMixer: Display: Channel Order:
[2020.02.21-07.42.05:933][760]LogAudioMixer: Display: 0: FrontLeft
[2020.02.21-07.42.05:933][760]LogAudioMixer: Display: 1: FrontRight
[2020.02.21-07.42.05:944][760]LogAudioMixer: Display: Using Audio Device Speakers (2- High Definition Audio Device)
[2020.02.21-07.42.05:946][760]LogInit: FAudioDevice initialized.
[2020.02.21-07.42.05:966][760]LogLoad: Game class is 'PuzzlePlatformsGameMode'
[2020.02.21-07.42.05:969][760]LogWorld: Bringing World /Game/ThirdPersonCPP/Maps/UEDPIE_0_ThirdPersonExampleMap.ThirdPersonExampleMap up for play (max tick rate 0) at 2020.02.21-13.12.05
[2020.02.21-07.42.05:969][760]LogWorld: Bringing up level for play took: 0.001725
[2020.02.21-07.42.05:969][760]LogOnline: OSS: Creating online subsystem instance for: :Context_5
[2020.02.21-07.42.06:076][760]LogContentBrowser: Native class hierarchy updated for 'MovieSceneCapture' in 0.0016 seconds. Added 20 classes and 0 folders.
[2020.02.21-07.42.06:078][760]PIE: Play in editor start time for /Game/ThirdPersonCPP/Maps/UEDPIE_0_ThirdPersonExampleMap 0.231
[2020.02.21-07.42.06:078][760]LogBlueprintUserMessages: Late PlayInEditor Detection: Level '/Game/ThirdPersonCPP/Maps/ThirdPersonExampleMap.ThirdPersonExampleMap:PersistentLevel' has LevelScriptBlueprint '/Game/ThirdPersonCPP/Maps/ThirdPersonExampleMap.ThirdPersonExampleMap:PersistentLevel.ThirdPersonExampleMap' with GeneratedClass '/Game/ThirdPersonCPP/Maps/ThirdPersonExampleMap.ThirdPersonExampleMap_C' with ClassGeneratedBy '/Game/ThirdPersonCPP/Maps/ThirdPersonExampleMap.ThirdPersonExampleMap:PersistentLevel.ThirdPersonExampleMap'
[2020.02.21-07.45.10:345][778]LogAudioMixer: Display: No commands were queued while flushing the source manager.
[2020.02.21-07.45.10:345][778]LogAudioMixer: Display: No commands were queued while flushing the source manager.
[2020.02.21-07.45.10:345][778]LogBlueprintUserMessages: Early EndPlayMap Detection: Level '/Game/ThirdPersonCPP/Maps/ThirdPersonExampleMap.ThirdPersonExampleMap:PersistentLevel' has LevelScriptBlueprint '/Game/ThirdPersonCPP/Maps/ThirdPersonExampleMap.ThirdPersonExampleMap:PersistentLevel.ThirdPersonExampleMap' with GeneratedClass '/Game/ThirdPersonCPP/Maps/ThirdPersonExampleMap.ThirdPersonExampleMap_C' with ClassGeneratedBy '/Game/ThirdPersonCPP/Maps/ThirdPersonExampleMap.ThirdPersonExampleMap:PersistentLevel.ThirdPersonExampleMap'
[2020.02.21-07.45.10:345][778]LogSlate: Updating window title bar state: overlay mode, drag disabled, window buttons hidden, title bar hidden
[2020.02.21-07.45.10:345][778]LogWorld: BeginTearingDown for /Game/ThirdPersonCPP/Maps/UEDPIE_0_ThirdPersonExampleMap
[2020.02.21-07.45.10:346][778]LogAudioMixer: Display: No commands were queued while flushing the source manager.
[2020.02.21-07.45.10:346][778]LogWorld: UWorld::CleanupWorld for ThirdPersonExampleMap, bSessionEnded=true, bCleanupResources=true
[2020.02.21-07.45.10:346][778]LogSlate: InvalidateAllWidgets triggered.  All widgets were invalidated
[2020.02.21-07.45.10:354][778]LogPlayLevel: Display: Shutting down PIE online subsystems
[2020.02.21-07.45.10:355][778]LogBlueprintUserMessages: Late EndPlayMap Detection: Level '/Game/ThirdPersonCPP/Maps/ThirdPersonExampleMap.ThirdPersonExampleMap:PersistentLevel' has LevelScriptBlueprint '/Game/ThirdPersonCPP/Maps/ThirdPersonExampleMap.ThirdPersonExampleMap:PersistentLevel.ThirdPersonExampleMap' with GeneratedClass '/Game/ThirdPersonCPP/Maps/ThirdPersonExampleMap.ThirdPersonExampleMap_C' with ClassGeneratedBy '/Game/ThirdPersonCPP/Maps/ThirdPersonExampleMap.ThirdPersonExampleMap:PersistentLevel.ThirdPersonExampleMap'
[2020.02.21-07.45.10:359][778]LogSlate: InvalidateAllWidgets triggered.  All widgets were invalidated
[2020.02.21-07.45.10:386][778]LogAudioMixer: Display: No commands were queued while flushing the source manager.
[2020.02.21-07.45.10:391][778]LogSlate: Updating window title bar state: overlay mode, drag disabled, window buttons hidden, title bar hidden
[2020.02.21-07.45.10:399][778]LogUObjectHash: Compacting FUObjectHashTables data took   6.16ms
[2020.02.21-07.45.10:452][780]LogPlayLevel: Display: Destroying online subsystem :Context_5
